************************************
* STARTING TRIAL 1
************************************
Files already downloaded and verified
|-|-|-|-|-|-|-|-|-|-|-|-|-|-|-|-|-|-|-|-|-|-|-|-|-|-|-|-|-|-|-|-|-|-|-|-|-|-|-|-|-|-|-|-|-|-|-|-|-|-|-|-|-|-|-|-|-|-|-|-|-|-|-|-|-|-|-|-|-|-|-|-|-|-|-|-|-|-|-|-|-|-|-|-|-|-|-|-|-|-|-|-|-|-|-|-|-|-|-|-|
ortho penalty is on
Prompt strategy:  cat
*****************************************
====================== 1 =======================
Incremental class: Old valid output dimension: 0
Incremental class: New Valid output dimension: 10
Optimizer is reset!
*****************************************
LR: 0.001
Epoch:1/10
 * Loss 2.125 | Train Acc 75.180
LR: 0.001
Epoch:2/10
 * Loss 0.908 | Train Acc 89.323
LR: 0.0009851093261547738
Epoch:3/10
 * Loss 0.699 | Train Acc 90.685
LR: 0.0009408807689542254
Epoch:4/10
 * Loss 0.598 | Train Acc 91.346
LR: 0.0008686315144381912
Epoch:5/10
 * Loss 0.543 | Train Acc 91.226
LR: 0.0007705132427757892
Epoch:6/10
 * Loss 0.496 | Train Acc 91.827
LR: 0.0006494480483301837
Epoch:7/10
 * Loss 0.468 | Train Acc 91.927
LR: 0.0005090414157503712
Epoch:8/10
 * Loss 0.465 | Train Acc 91.546
LR: 0.00035347484377925713
Epoch:9/10
 * Loss 0.434 | Train Acc 92.208
LR: 0.00018738131458572452
Epoch:10/10
 * Loss 0.427 | Train Acc 92.428
=> Saving class model to: outputs/cifar-100/10-task/hint-cat-8-cosine-supcon-newsim/models/repeat-1/task-1/
=> Save Done
validation split name: 1
 * Val Acc 98.800, Total time 9.37
====================== 2 =======================
Incremental class: Old valid output dimension: 10
Incremental class: New Valid output dimension: 20
Optimizer is reset!
*****************************************
LR: 0.001
Epoch:1/10
 * Loss 1.784 | Train Acc 78.285
LR: 0.001
Epoch:2/10
 * Loss 0.841 | Train Acc 87.740
LR: 0.0009851093261547738
Epoch:3/10
 * Loss 0.696 | Train Acc 88.482
LR: 0.0009408807689542254
Epoch:4/10
 * Loss 0.616 | Train Acc 89.443
LR: 0.0008686315144381912
Epoch:5/10
 * Loss 0.576 | Train Acc 89.844
LR: 0.0007705132427757892
Epoch:6/10
 * Loss 0.553 | Train Acc 89.483
LR: 0.0006494480483301837
Epoch:7/10
 * Loss 0.534 | Train Acc 89.704
LR: 0.0005090414157503712
Epoch:8/10
 * Loss 0.506 | Train Acc 90.425
LR: 0.00035347484377925713
Epoch:9/10
 * Loss 0.491 | Train Acc 90.725
LR: 0.00018738131458572452
Epoch:10/10
 * Loss 0.497 | Train Acc 91.006
=> Saving class model to: outputs/cifar-100/10-task/hint-cat-8-cosine-supcon-newsim/models/repeat-1/task-2/
=> Save Done
validation split name: 1
 * Val Acc 96.800, Total time 9.39
validation split name: 2
 * Val Acc 95.200, Total time 9.29
====================== 3 =======================
Incremental class: Old valid output dimension: 20
Incremental class: New Valid output dimension: 30
Optimizer is reset!
*****************************************
LR: 0.001
Epoch:1/10
 * Loss 1.386 | Train Acc 81.550
LR: 0.001
Epoch:2/10
 * Loss 0.675 | Train Acc 89.323
LR: 0.0009851093261547738
Epoch:3/10
 * Loss 0.575 | Train Acc 89.804
LR: 0.0009408807689542254
Epoch:4/10
 * Loss 0.542 | Train Acc 90.004
LR: 0.0008686315144381912
Epoch:5/10
 * Loss 0.514 | Train Acc 90.284
LR: 0.0007705132427757892
Epoch:6/10
 * Loss 0.501 | Train Acc 90.345
LR: 0.0006494480483301837
Epoch:7/10
 * Loss 0.465 | Train Acc 91.146
LR: 0.0005090414157503712
Epoch:8/10
 * Loss 0.467 | Train Acc 90.645
LR: 0.00035347484377925713
Epoch:9/10
 * Loss 0.458 | Train Acc 91.306
LR: 0.00018738131458572452
Epoch:10/10
 * Loss 0.451 | Train Acc 91.106
=> Saving class model to: outputs/cifar-100/10-task/hint-cat-8-cosine-supcon-newsim/models/repeat-1/task-3/
=> Save Done
validation split name: 1
 * Val Acc 94.400, Total time 9.52
validation split name: 2
 * Val Acc 92.800, Total time 9.46
validation split name: 3
 * Val Acc 92.600, Total time 9.55
====================== 4 =======================
Incremental class: Old valid output dimension: 30
Incremental class: New Valid output dimension: 40
Optimizer is reset!
*****************************************
LR: 0.001
Epoch:1/10
 * Loss 1.430 | Train Acc 81.550
LR: 0.001
Epoch:2/10
 * Loss 0.665 | Train Acc 90.284
LR: 0.0009851093261547738
Epoch:3/10
 * Loss 0.558 | Train Acc 91.086
LR: 0.0009408807689542254
Epoch:4/10
 * Loss 0.509 | Train Acc 91.446
LR: 0.0008686315144381912
Epoch:5/10
 * Loss 0.493 | Train Acc 91.366
LR: 0.0007705132427757892
Epoch:6/10
 * Loss 0.480 | Train Acc 91.126
LR: 0.0006494480483301837
Epoch:7/10
 * Loss 0.458 | Train Acc 91.947
LR: 0.0005090414157503712
Epoch:8/10
 * Loss 0.456 | Train Acc 91.206
LR: 0.00035347484377925713
Epoch:9/10
 * Loss 0.452 | Train Acc 91.326
LR: 0.00018738131458572452
Epoch:10/10
 * Loss 0.437 | Train Acc 92.188
=> Saving class model to: outputs/cifar-100/10-task/hint-cat-8-cosine-supcon-newsim/models/repeat-1/task-4/
=> Save Done
validation split name: 1
 * Val Acc 92.800, Total time 9.60
validation split name: 2
 * Val Acc 89.000, Total time 9.36
validation split name: 3
 * Val Acc 91.700, Total time 9.61
validation split name: 4
 * Val Acc 91.300, Total time 9.57
====================== 5 =======================
Incremental class: Old valid output dimension: 40
Incremental class: New Valid output dimension: 50
Optimizer is reset!
*****************************************
LR: 0.001
Epoch:1/10
 * Loss 1.522 | Train Acc 78.666
LR: 0.001
Epoch:2/10
 * Loss 0.701 | Train Acc 88.922
LR: 0.0009851093261547738
Epoch:3/10
 * Loss 0.577 | Train Acc 90.284
LR: 0.0009408807689542254
Epoch:4/10
 * Loss 0.552 | Train Acc 89.924
LR: 0.0008686315144381912
Epoch:5/10
 * Loss 0.513 | Train Acc 90.565
LR: 0.0007705132427757892
Epoch:6/10
 * Loss 0.503 | Train Acc 90.425
LR: 0.0006494480483301837
Epoch:7/10
 * Loss 0.473 | Train Acc 91.246
LR: 0.0005090414157503712
Epoch:8/10
 * Loss 0.467 | Train Acc 91.346
LR: 0.00035347484377925713
Epoch:9/10
 * Loss 0.477 | Train Acc 90.825
LR: 0.00018738131458572452
Epoch:10/10
 * Loss 0.469 | Train Acc 90.745
=> Saving class model to: outputs/cifar-100/10-task/hint-cat-8-cosine-supcon-newsim/models/repeat-1/task-5/
=> Save Done
validation split name: 1
 * Val Acc 91.100, Total time 9.71
validation split name: 2
 * Val Acc 85.300, Total time 9.33
validation split name: 3
 * Val Acc 89.100, Total time 9.54
validation split name: 4
 * Val Acc 90.700, Total time 9.35
validation split name: 5
 * Val Acc 90.200, Total time 9.51
====================== 6 =======================
Incremental class: Old valid output dimension: 50
Incremental class: New Valid output dimension: 60
Optimizer is reset!
*****************************************
LR: 0.001
Epoch:1/10
 * Loss 1.366 | Train Acc 79.828
LR: 0.001
Epoch:2/10
 * Loss 0.650 | Train Acc 88.101
LR: 0.0009851093261547738
Epoch:3/10
 * Loss 0.571 | Train Acc 88.081
LR: 0.0009408807689542254
Epoch:4/10
 * Loss 0.527 | Train Acc 89.383
LR: 0.0008686315144381912
Epoch:5/10
 * Loss 0.496 | Train Acc 89.804
LR: 0.0007705132427757892
Epoch:6/10
 * Loss 0.481 | Train Acc 89.904
LR: 0.0006494480483301837
Epoch:7/10
 * Loss 0.456 | Train Acc 90.865
LR: 0.0005090414157503712
Epoch:8/10
 * Loss 0.442 | Train Acc 91.186
LR: 0.00035347484377925713
Epoch:9/10
 * Loss 0.438 | Train Acc 91.086
LR: 0.00018738131458572452
Epoch:10/10
 * Loss 0.452 | Train Acc 90.024
=> Saving class model to: outputs/cifar-100/10-task/hint-cat-8-cosine-supcon-newsim/models/repeat-1/task-6/
=> Save Done
validation split name: 1
 * Val Acc 90.200, Total time 9.48
validation split name: 2
 * Val Acc 85.400, Total time 9.62
validation split name: 3
 * Val Acc 88.500, Total time 9.74
validation split name: 4
 * Val Acc 88.100, Total time 9.66
validation split name: 5
 * Val Acc 88.600, Total time 9.52
validation split name: 6
 * Val Acc 81.500, Total time 9.51
====================== 7 =======================
Incremental class: Old valid output dimension: 60
Incremental class: New Valid output dimension: 70
Optimizer is reset!
*****************************************
LR: 0.001
Epoch:1/10
 * Loss 1.466 | Train Acc 79.107
LR: 0.001
Epoch:2/10
 * Loss 0.690 | Train Acc 87.500
LR: 0.0009851093261547738
Epoch:3/10
 * Loss 0.607 | Train Acc 88.361
LR: 0.0009408807689542254
Epoch:4/10
 * Loss 0.565 | Train Acc 88.742
LR: 0.0008686315144381912
Epoch:5/10
 * Loss 0.534 | Train Acc 89.323
LR: 0.0007705132427757892
Epoch:6/10
 * Loss 0.514 | Train Acc 89.062
LR: 0.0006494480483301837
Epoch:7/10
 * Loss 0.509 | Train Acc 89.343
LR: 0.0005090414157503712
Epoch:8/10
 * Loss 0.494 | Train Acc 89.463
LR: 0.00035347484377925713
Epoch:9/10
 * Loss 0.480 | Train Acc 89.764
LR: 0.00018738131458572452
Epoch:10/10
 * Loss 0.479 | Train Acc 89.964
=> Saving class model to: outputs/cifar-100/10-task/hint-cat-8-cosine-supcon-newsim/models/repeat-1/task-7/
=> Save Done
validation split name: 1
 * Val Acc 89.600, Total time 9.50
validation split name: 2
 * Val Acc 84.100, Total time 9.45
validation split name: 3
 * Val Acc 88.400, Total time 9.54
validation split name: 4
 * Val Acc 87.300, Total time 9.60
validation split name: 5
 * Val Acc 86.600, Total time 9.71
validation split name: 6
 * Val Acc 81.800, Total time 9.88
validation split name: 7
 * Val Acc 82.800, Total time 9.58
====================== 8 =======================
Incremental class: Old valid output dimension: 70
Incremental class: New Valid output dimension: 80
Optimizer is reset!
*****************************************
LR: 0.001
Epoch:1/10
 * Loss 1.378 | Train Acc 80.829
LR: 0.001
Epoch:2/10
 * Loss 0.672 | Train Acc 89.083
LR: 0.0009851093261547738
Epoch:3/10
 * Loss 0.565 | Train Acc 90.224
LR: 0.0009408807689542254
Epoch:4/10
 * Loss 0.536 | Train Acc 89.804
LR: 0.0008686315144381912
Epoch:5/10
 * Loss 0.511 | Train Acc 89.864
LR: 0.0007705132427757892
Epoch:6/10
 * Loss 0.489 | Train Acc 89.984
LR: 0.0006494480483301837
Epoch:7/10
 * Loss 0.467 | Train Acc 90.785
LR: 0.0005090414157503712
Epoch:8/10
 * Loss 0.473 | Train Acc 90.304
LR: 0.00035347484377925713
Epoch:9/10
 * Loss 0.453 | Train Acc 90.665
LR: 0.00018738131458572452
Epoch:10/10
 * Loss 0.433 | Train Acc 91.386
=> Saving class model to: outputs/cifar-100/10-task/hint-cat-8-cosine-supcon-newsim/models/repeat-1/task-8/
=> Save Done
validation split name: 1
 * Val Acc 89.000, Total time 9.81
validation split name: 2
 * Val Acc 83.200, Total time 9.64
validation split name: 3
 * Val Acc 87.000, Total time 9.58
validation split name: 4
 * Val Acc 86.800, Total time 9.90
validation split name: 5
 * Val Acc 86.200, Total time 9.63
validation split name: 6
 * Val Acc 79.100, Total time 9.56
validation split name: 7
 * Val Acc 81.900, Total time 9.70
validation split name: 8
 * Val Acc 83.700, Total time 9.62
====================== 9 =======================
Incremental class: Old valid output dimension: 80
Incremental class: New Valid output dimension: 90
Optimizer is reset!
*****************************************
LR: 0.001
Epoch:1/10
 * Loss 1.362 | Train Acc 81.290
LR: 0.001
Epoch:2/10
 * Loss 0.607 | Train Acc 90.345
LR: 0.0009851093261547738
Epoch:3/10
 * Loss 0.508 | Train Acc 91.226
LR: 0.0009408807689542254
Epoch:4/10
 * Loss 0.466 | Train Acc 91.546
LR: 0.0008686315144381912
Epoch:5/10
 * Loss 0.450 | Train Acc 91.506
LR: 0.0007705132427757892
Epoch:6/10
 * Loss 0.427 | Train Acc 91.607
LR: 0.0006494480483301837
Epoch:7/10
 * Loss 0.407 | Train Acc 91.927
LR: 0.0005090414157503712
Epoch:8/10
 * Loss 0.403 | Train Acc 91.887
LR: 0.00035347484377925713
Epoch:9/10
 * Loss 0.378 | Train Acc 92.288
LR: 0.00018738131458572452
Epoch:10/10
 * Loss 0.375 | Train Acc 92.147
=> Saving class model to: outputs/cifar-100/10-task/hint-cat-8-cosine-supcon-newsim/models/repeat-1/task-9/
=> Save Done
validation split name: 1
 * Val Acc 88.300, Total time 9.49
validation split name: 2
 * Val Acc 82.400, Total time 10.03
validation split name: 3
 * Val Acc 86.200, Total time 9.63
validation split name: 4
 * Val Acc 86.700, Total time 9.59
validation split name: 5
 * Val Acc 85.100, Total time 9.95
validation split name: 6
 * Val Acc 80.600, Total time 9.66
validation split name: 7
 * Val Acc 80.500, Total time 9.55
validation split name: 8
 * Val Acc 83.200, Total time 9.51
validation split name: 9
 * Val Acc 90.700, Total time 9.88
====================== 10 =======================
Incremental class: Old valid output dimension: 90
Incremental class: New Valid output dimension: 100
Optimizer is reset!
*****************************************
LR: 0.001
Epoch:1/10
 * Loss 1.298 | Train Acc 84.075
LR: 0.001
Epoch:2/10
 * Loss 0.532 | Train Acc 93.049
LR: 0.0009851093261547738
Epoch:3/10
 * Loss 0.460 | Train Acc 92.969
LR: 0.0009408807689542254
Epoch:4/10
 * Loss 0.401 | Train Acc 93.069
LR: 0.0008686315144381912
Epoch:5/10
 * Loss 0.376 | Train Acc 93.189
LR: 0.0007705132427757892
Epoch:6/10
 * Loss 0.347 | Train Acc 93.570
LR: 0.0006494480483301837
Epoch:7/10
 * Loss 0.336 | Train Acc 93.510
LR: 0.0005090414157503712
Epoch:8/10
 * Loss 0.325 | Train Acc 93.530
LR: 0.00035347484377925713
Epoch:9/10
 * Loss 0.309 | Train Acc 93.450
LR: 0.00018738131458572452
Epoch:10/10
 * Loss 0.301 | Train Acc 94.091
=> Saving class model to: outputs/cifar-100/10-task/hint-cat-8-cosine-supcon-newsim/models/repeat-1/task-10/
=> Save Done
validation split name: 1
 * Val Acc 90.300, Total time 9.67
validation split name: 2
 * Val Acc 81.700, Total time 9.65
validation split name: 3
 * Val Acc 87.500, Total time 9.68
validation split name: 4
 * Val Acc 84.800, Total time 9.88
validation split name: 5
 * Val Acc 81.400, Total time 9.82
validation split name: 6
 * Val Acc 75.700, Total time 9.70
validation split name: 7
 * Val Acc 78.600, Total time 9.76
validation split name: 8
 * Val Acc 80.200, Total time 9.64
validation split name: 9
 * Val Acc 88.200, Total time 10.00
validation split name: 10
 * Val Acc 85.300, Total time 9.68
|-|-|-|-|-|-|-|-|-|-|-|-|-|-|-|-|-|-|-|-|-|-|-|-|-|-|-|-|-|-|-|-|-|-|-|-|-|-|-|-|-|-|-|-|-|-|-|-|-|-|-|-|-|-|-|-|-|-|-|-|-|-|-|-|-|-|-|-|-|-|-|-|-|-|-|-|-|-|-|-|-|-|-|-|-|-|-|-|-|-|-|-|-|-|-|-|-|-|-|-|
ortho penalty is on
Prompt strategy:  cat
*****************************************
Incremental class: Old valid output dimension: 0
Incremental class: New Valid output dimension: 10
=> Load Done
validation split name: 1
 * Val Acc 98.800, Total time 9.45
validation split name: 1
 * Val Acc 98.667, Total time 9.52
Incremental class: Old valid output dimension: 10
Incremental class: New Valid output dimension: 20
=> Load Done
validation split name: 1
 * Val Acc 96.800, Total time 9.60
validation split name: 2
 * Val Acc 95.200, Total time 9.53
validation split name: 1
 * Val Acc 98.444, Total time 9.53
validation split name: 2
 * Val Acc 98.778, Total time 9.45
Incremental class: Old valid output dimension: 20
Incremental class: New Valid output dimension: 30
=> Load Done
validation split name: 1
 * Val Acc 94.400, Total time 9.50
validation split name: 2
 * Val Acc 92.800, Total time 9.66
validation split name: 3
 * Val Acc 92.600, Total time 9.51
validation split name: 1
 * Val Acc 98.333, Total time 9.48
validation split name: 2
 * Val Acc 98.778, Total time 9.52
validation split name: 3
 * Val Acc 97.444, Total time 9.75
Incremental class: Old valid output dimension: 30
Incremental class: New Valid output dimension: 40
=> Load Done
validation split name: 1
 * Val Acc 92.800, Total time 9.78
validation split name: 2
 * Val Acc 89.000, Total time 9.58
validation split name: 3
 * Val Acc 91.700, Total time 9.54
validation split name: 4
 * Val Acc 91.300, Total time 9.73
validation split name: 1
 * Val Acc 98.333, Total time 9.72
validation split name: 2
 * Val Acc 98.667, Total time 9.55
validation split name: 3
 * Val Acc 97.667, Total time 9.53
validation split name: 4
 * Val Acc 98.111, Total time 9.57
Incremental class: Old valid output dimension: 40
Incremental class: New Valid output dimension: 50
=> Load Done
validation split name: 1
 * Val Acc 91.100, Total time 9.55
validation split name: 2
 * Val Acc 85.300, Total time 9.46
validation split name: 3
 * Val Acc 89.100, Total time 9.66
validation split name: 4
 * Val Acc 90.700, Total time 9.55
validation split name: 5
 * Val Acc 90.200, Total time 9.48
validation split name: 1
 * Val Acc 98.111, Total time 9.51
validation split name: 2
 * Val Acc 98.333, Total time 9.46
validation split name: 3
 * Val Acc 97.667, Total time 9.62
validation split name: 4
 * Val Acc 98.111, Total time 9.70
validation split name: 5
 * Val Acc 96.778, Total time 9.45
Incremental class: Old valid output dimension: 50
Incremental class: New Valid output dimension: 60
=> Load Done
validation split name: 1
 * Val Acc 90.200, Total time 9.59
validation split name: 2
 * Val Acc 85.400, Total time 9.55
validation split name: 3
 * Val Acc 88.500, Total time 9.54
validation split name: 4
 * Val Acc 88.100, Total time 9.67
validation split name: 5
 * Val Acc 88.600, Total time 9.49
validation split name: 6
 * Val Acc 81.500, Total time 9.63
validation split name: 1
 * Val Acc 98.333, Total time 9.66
validation split name: 2
 * Val Acc 98.444, Total time 9.68
validation split name: 3
 * Val Acc 97.667, Total time 9.62
validation split name: 4
 * Val Acc 98.000, Total time 9.61
validation split name: 5
 * Val Acc 96.667, Total time 9.53
validation split name: 6
 * Val Acc 98.778, Total time 9.52
Incremental class: Old valid output dimension: 60
Incremental class: New Valid output dimension: 70
=> Load Done
validation split name: 1
 * Val Acc 89.600, Total time 9.57
validation split name: 2
 * Val Acc 84.100, Total time 9.59
validation split name: 3
 * Val Acc 88.400, Total time 9.88
validation split name: 4
 * Val Acc 87.300, Total time 9.63
validation split name: 5
 * Val Acc 86.600, Total time 9.70
validation split name: 6
 * Val Acc 81.800, Total time 9.64
validation split name: 7
 * Val Acc 82.800, Total time 9.60
validation split name: 1
 * Val Acc 98.222, Total time 9.59
validation split name: 2
 * Val Acc 98.444, Total time 9.61
validation split name: 3
 * Val Acc 97.778, Total time 9.63
validation split name: 4
 * Val Acc 97.778, Total time 9.54
validation split name: 5
 * Val Acc 96.667, Total time 9.50
validation split name: 6
 * Val Acc 98.778, Total time 9.38
validation split name: 7
 * Val Acc 96.333, Total time 9.50
Incremental class: Old valid output dimension: 70
Incremental class: New Valid output dimension: 80
=> Load Done
validation split name: 1
 * Val Acc 89.000, Total time 9.68
validation split name: 2
 * Val Acc 83.200, Total time 9.67
validation split name: 3
 * Val Acc 87.000, Total time 9.66
validation split name: 4
 * Val Acc 86.800, Total time 9.60
validation split name: 5
 * Val Acc 86.200, Total time 9.75
validation split name: 6
 * Val Acc 79.100, Total time 9.95
validation split name: 7
 * Val Acc 81.900, Total time 9.74
validation split name: 8
 * Val Acc 83.700, Total time 9.56
validation split name: 1
 * Val Acc 98.000, Total time 9.71
validation split name: 2
 * Val Acc 98.333, Total time 9.56
validation split name: 3
 * Val Acc 97.556, Total time 9.61
validation split name: 4
 * Val Acc 97.222, Total time 10.08
validation split name: 5
 * Val Acc 96.444, Total time 9.57
validation split name: 6
 * Val Acc 98.889, Total time 9.54
validation split name: 7
 * Val Acc 96.000, Total time 9.62
validation split name: 8
 * Val Acc 98.000, Total time 9.73
Incremental class: Old valid output dimension: 80
Incremental class: New Valid output dimension: 90
=> Load Done
validation split name: 1
 * Val Acc 88.300, Total time 9.60
validation split name: 2
 * Val Acc 82.400, Total time 9.70
validation split name: 3
 * Val Acc 86.200, Total time 9.57
validation split name: 4
 * Val Acc 86.700, Total time 9.64
validation split name: 5
 * Val Acc 85.100, Total time 9.96
validation split name: 6
 * Val Acc 80.600, Total time 9.63
validation split name: 7
 * Val Acc 80.500, Total time 9.73
validation split name: 8
 * Val Acc 83.200, Total time 9.74
validation split name: 9
 * Val Acc 90.700, Total time 9.62
validation split name: 1
 * Val Acc 98.000, Total time 9.56
validation split name: 2
 * Val Acc 98.333, Total time 9.93
validation split name: 3
 * Val Acc 97.444, Total time 9.60
validation split name: 4
 * Val Acc 97.778, Total time 9.63
validation split name: 5
 * Val Acc 96.667, Total time 9.64
validation split name: 6
 * Val Acc 98.889, Total time 9.49
validation split name: 7
 * Val Acc 96.111, Total time 9.67
validation split name: 8
 * Val Acc 97.778, Total time 9.68
validation split name: 9
 * Val Acc 98.333, Total time 9.67
Incremental class: Old valid output dimension: 90
Incremental class: New Valid output dimension: 100
=> Load Done
validation split name: 1
 * Val Acc 90.300, Total time 9.89
validation split name: 2
 * Val Acc 81.700, Total time 9.69
validation split name: 3
 * Val Acc 87.500, Total time 10.29
validation split name: 4
 * Val Acc 84.800, Total time 9.85
validation split name: 5
 * Val Acc 81.400, Total time 9.83
validation split name: 6
 * Val Acc 75.700, Total time 9.77
validation split name: 7
 * Val Acc 78.600, Total time 9.67
validation split name: 8
 * Val Acc 80.200, Total time 9.81
validation split name: 9
 * Val Acc 88.200, Total time 9.75
validation split name: 10
 * Val Acc 85.300, Total time 9.86
validation split name: 1
 * Val Acc 98.111, Total time 9.56
validation split name: 2
 * Val Acc 98.444, Total time 9.72
validation split name: 3
 * Val Acc 97.222, Total time 9.85
validation split name: 4
 * Val Acc 98.222, Total time 9.69
validation split name: 5
 * Val Acc 96.333, Total time 9.71
validation split name: 6
 * Val Acc 98.889, Total time 9.89
validation split name: 7
 * Val Acc 95.778, Total time 9.74
validation split name: 8
 * Val Acc 97.778, Total time 9.63
validation split name: 9
 * Val Acc 98.222, Total time 9.77
validation split name: 10
 * Val Acc 98.333, Total time 10.08
===Summary of experiment repeats: 1 / 1 ===
acc  | mean: 83.37 std: 0.0
time  | mean: 0.783579659461975 std: 0.0
