************************************
* STARTING TRIAL 1
************************************
Files already downloaded and verified
|-|-|-|-|-|-|-|-|-|-|-|-|-|-|-|-|-|-|-|-|-|-|-|-|-|-|-|-|-|-|-|-|-|-|-|-|-|-|-|-|-|-|-|-|-|-|-|-|-|-|-|-|-|-|-|-|-|-|-|-|-|-|-|-|-|-|-|-|-|-|-|-|-|-|-|-|-|-|-|-|-|-|-|-|-|-|-|-|-|-|-|-|-|-|-|-|-|-|-|-|
ortho penalty is on
Prompt strategy:  cat
*****************************************
====================== 1 =======================
Incremental class: Old valid output dimension: 0
Incremental class: New Valid output dimension: 10
Optimizer is reset!
*****************************************
LR: 0.001
Epoch:1/10
 * Loss 2.116 | Train Acc 75.120
LR: 0.001
Epoch:2/10
 * Loss 0.909 | Train Acc 89.143
LR: 0.0009851093261547738
Epoch:3/10
 * Loss 0.698 | Train Acc 90.685
LR: 0.0009408807689542254
Epoch:4/10
 * Loss 0.598 | Train Acc 91.246
LR: 0.0008686315144381912
Epoch:5/10
 * Loss 0.543 | Train Acc 91.126
LR: 0.0007705132427757892
Epoch:6/10
 * Loss 0.495 | Train Acc 91.747
LR: 0.0006494480483301837
Epoch:7/10
 * Loss 0.464 | Train Acc 91.987
LR: 0.0005090414157503712
Epoch:8/10
 * Loss 0.462 | Train Acc 91.506
LR: 0.00035347484377925713
Epoch:9/10
 * Loss 0.431 | Train Acc 92.067
LR: 0.00018738131458572452
Epoch:10/10
 * Loss 0.425 | Train Acc 92.147
=> Saving class model to: outputs/cifar-100/10-task/hint-cat_eq-8-cosine-supcon-newsim/models/repeat-1/task-1/
=> Save Done
validation split name: 1
 * Val Acc 98.800, Total time 9.51
====================== 2 =======================
Incremental class: Old valid output dimension: 10
Incremental class: New Valid output dimension: 20
Optimizer is reset!
*****************************************
LR: 0.001
Epoch:1/10
 * Loss 1.703 | Train Acc 79.948
LR: 0.001
Epoch:2/10
 * Loss 0.805 | Train Acc 88.522
LR: 0.0009851093261547738
Epoch:3/10
 * Loss 0.692 | Train Acc 88.762
LR: 0.0009408807689542254
Epoch:4/10
 * Loss 0.621 | Train Acc 89.363
LR: 0.0008686315144381912
Epoch:5/10
 * Loss 0.589 | Train Acc 89.724
LR: 0.0007705132427757892
Epoch:6/10
 * Loss 0.572 | Train Acc 89.583
LR: 0.0006494480483301837
Epoch:7/10
 * Loss 0.553 | Train Acc 89.042
LR: 0.0005090414157503712
Epoch:8/10
 * Loss 0.527 | Train Acc 90.224
LR: 0.00035347484377925713
Epoch:9/10
 * Loss 0.507 | Train Acc 90.204
LR: 0.00018738131458572452
Epoch:10/10
 * Loss 0.517 | Train Acc 90.345
=> Saving class model to: outputs/cifar-100/10-task/hint-cat_eq-8-cosine-supcon-newsim/models/repeat-1/task-2/
=> Save Done
validation split name: 1
 * Val Acc 96.300, Total time 9.33
validation split name: 2
 * Val Acc 95.200, Total time 9.44
====================== 3 =======================
Incremental class: Old valid output dimension: 20
Incremental class: New Valid output dimension: 30
Optimizer is reset!
*****************************************
LR: 0.001
Epoch:1/10
 * Loss 1.420 | Train Acc 81.530
LR: 0.001
Epoch:2/10
 * Loss 0.712 | Train Acc 89.022
LR: 0.0009851093261547738
Epoch:3/10
 * Loss 0.602 | Train Acc 89.623
LR: 0.0009408807689542254
Epoch:4/10
 * Loss 0.561 | Train Acc 89.964
LR: 0.0008686315144381912
Epoch:5/10
 * Loss 0.529 | Train Acc 90.244
LR: 0.0007705132427757892
Epoch:6/10
 * Loss 0.518 | Train Acc 90.244
LR: 0.0006494480483301837
Epoch:7/10
 * Loss 0.485 | Train Acc 90.885
LR: 0.0005090414157503712
Epoch:8/10
 * Loss 0.486 | Train Acc 90.725
LR: 0.00035347484377925713
Epoch:9/10
 * Loss 0.472 | Train Acc 91.446
LR: 0.00018738131458572452
Epoch:10/10
 * Loss 0.469 | Train Acc 90.925
=> Saving class model to: outputs/cifar-100/10-task/hint-cat_eq-8-cosine-supcon-newsim/models/repeat-1/task-3/
=> Save Done
validation split name: 1
 * Val Acc 94.200, Total time 9.47
validation split name: 2
 * Val Acc 93.900, Total time 9.30
validation split name: 3
 * Val Acc 92.100, Total time 9.24
====================== 4 =======================
Incremental class: Old valid output dimension: 30
Incremental class: New Valid output dimension: 40
Optimizer is reset!
*****************************************
LR: 0.001
Epoch:1/10
 * Loss 1.418 | Train Acc 81.290
LR: 0.001
Epoch:2/10
 * Loss 0.674 | Train Acc 90.084
LR: 0.0009851093261547738
Epoch:3/10
 * Loss 0.568 | Train Acc 90.865
LR: 0.0009408807689542254
Epoch:4/10
 * Loss 0.515 | Train Acc 91.446
LR: 0.0008686315144381912
Epoch:5/10
 * Loss 0.501 | Train Acc 91.086
LR: 0.0007705132427757892
Epoch:6/10
 * Loss 0.485 | Train Acc 91.466
LR: 0.0006494480483301837
Epoch:7/10
 * Loss 0.465 | Train Acc 91.847
LR: 0.0005090414157503712
Epoch:8/10
 * Loss 0.461 | Train Acc 91.006
LR: 0.00035347484377925713
Epoch:9/10
 * Loss 0.459 | Train Acc 91.166
LR: 0.00018738131458572452
Epoch:10/10
 * Loss 0.441 | Train Acc 91.867
=> Saving class model to: outputs/cifar-100/10-task/hint-cat_eq-8-cosine-supcon-newsim/models/repeat-1/task-4/
=> Save Done
validation split name: 1
 * Val Acc 92.900, Total time 9.55
validation split name: 2
 * Val Acc 88.300, Total time 9.54
validation split name: 3
 * Val Acc 91.300, Total time 9.55
validation split name: 4
 * Val Acc 92.600, Total time 9.40
====================== 5 =======================
Incremental class: Old valid output dimension: 40
Incremental class: New Valid output dimension: 50
Optimizer is reset!
*****************************************
LR: 0.001
Epoch:1/10
 * Loss 1.498 | Train Acc 78.666
LR: 0.001
Epoch:2/10
 * Loss 0.699 | Train Acc 88.482
LR: 0.0009851093261547738
Epoch:3/10
 * Loss 0.579 | Train Acc 90.144
LR: 0.0009408807689542254
Epoch:4/10
 * Loss 0.552 | Train Acc 89.884
LR: 0.0008686315144381912
Epoch:5/10
 * Loss 0.514 | Train Acc 90.725
LR: 0.0007705132427757892
Epoch:6/10
 * Loss 0.502 | Train Acc 90.184
LR: 0.0006494480483301837
Epoch:7/10
 * Loss 0.474 | Train Acc 90.845
LR: 0.0005090414157503712
Epoch:8/10
 * Loss 0.470 | Train Acc 91.086
LR: 0.00035347484377925713
Epoch:9/10
 * Loss 0.479 | Train Acc 91.126
LR: 0.00018738131458572452
Epoch:10/10
 * Loss 0.470 | Train Acc 91.146
=> Saving class model to: outputs/cifar-100/10-task/hint-cat_eq-8-cosine-supcon-newsim/models/repeat-1/task-5/
=> Save Done
validation split name: 1
 * Val Acc 91.600, Total time 9.57
validation split name: 2
 * Val Acc 85.700, Total time 9.42
validation split name: 3
 * Val Acc 89.100, Total time 9.57
validation split name: 4
 * Val Acc 91.800, Total time 9.73
validation split name: 5
 * Val Acc 89.900, Total time 9.43
====================== 6 =======================
Incremental class: Old valid output dimension: 50
Incremental class: New Valid output dimension: 60
Optimizer is reset!
*****************************************
LR: 0.001
Epoch:1/10
 * Loss 1.369 | Train Acc 79.407
LR: 0.001
Epoch:2/10
 * Loss 0.656 | Train Acc 88.642
LR: 0.0009851093261547738
Epoch:3/10
 * Loss 0.574 | Train Acc 88.321
LR: 0.0009408807689542254
Epoch:4/10
 * Loss 0.527 | Train Acc 89.403
LR: 0.0008686315144381912
Epoch:5/10
 * Loss 0.489 | Train Acc 89.443
LR: 0.0007705132427757892
Epoch:6/10
 * Loss 0.473 | Train Acc 90.064
LR: 0.0006494480483301837
Epoch:7/10
 * Loss 0.445 | Train Acc 90.966
LR: 0.0005090414157503712
Epoch:8/10
 * Loss 0.427 | Train Acc 90.966
LR: 0.00035347484377925713
Epoch:9/10
 * Loss 0.424 | Train Acc 90.825
LR: 0.00018738131458572452
Epoch:10/10
 * Loss 0.433 | Train Acc 89.844
=> Saving class model to: outputs/cifar-100/10-task/hint-cat_eq-8-cosine-supcon-newsim/models/repeat-1/task-6/
=> Save Done
validation split name: 1
 * Val Acc 90.600, Total time 9.42
validation split name: 2
 * Val Acc 85.000, Total time 9.55
validation split name: 3
 * Val Acc 87.700, Total time 9.50
validation split name: 4
 * Val Acc 89.200, Total time 9.41
validation split name: 5
 * Val Acc 88.000, Total time 9.51
validation split name: 6
 * Val Acc 85.500, Total time 9.73
====================== 7 =======================
Incremental class: Old valid output dimension: 60
Incremental class: New Valid output dimension: 70
Optimizer is reset!
*****************************************
LR: 0.001
Epoch:1/10
 * Loss 1.491 | Train Acc 78.946
LR: 0.001
Epoch:2/10
 * Loss 0.727 | Train Acc 87.861
LR: 0.0009851093261547738
Epoch:3/10
 * Loss 0.637 | Train Acc 87.941
LR: 0.0009408807689542254
Epoch:4/10
 * Loss 0.584 | Train Acc 88.301
LR: 0.0008686315144381912
Epoch:5/10
 * Loss 0.547 | Train Acc 88.602
LR: 0.0007705132427757892
Epoch:6/10
 * Loss 0.523 | Train Acc 88.862
LR: 0.0006494480483301837
Epoch:7/10
 * Loss 0.513 | Train Acc 89.062
LR: 0.0005090414157503712
Epoch:8/10
 * Loss 0.496 | Train Acc 89.203
LR: 0.00035347484377925713
Epoch:9/10
 * Loss 0.483 | Train Acc 89.343
LR: 0.00018738131458572452
Epoch:10/10
 * Loss 0.482 | Train Acc 89.623
=> Saving class model to: outputs/cifar-100/10-task/hint-cat_eq-8-cosine-supcon-newsim/models/repeat-1/task-7/
=> Save Done
validation split name: 1
 * Val Acc 90.000, Total time 9.60
validation split name: 2
 * Val Acc 83.500, Total time 9.64
validation split name: 3
 * Val Acc 87.600, Total time 9.72
validation split name: 4
 * Val Acc 89.300, Total time 9.50
validation split name: 5
 * Val Acc 87.100, Total time 9.73
validation split name: 6
 * Val Acc 83.200, Total time 9.72
validation split name: 7
 * Val Acc 84.000, Total time 9.57
====================== 8 =======================
Incremental class: Old valid output dimension: 70
Incremental class: New Valid output dimension: 80
Optimizer is reset!
*****************************************
LR: 0.001
Epoch:1/10
 * Loss 1.376 | Train Acc 81.430
LR: 0.001
Epoch:2/10
 * Loss 0.673 | Train Acc 89.443
LR: 0.0009851093261547738
Epoch:3/10
 * Loss 0.572 | Train Acc 90.264
LR: 0.0009408807689542254
Epoch:4/10
 * Loss 0.533 | Train Acc 90.164
LR: 0.0008686315144381912
Epoch:5/10
 * Loss 0.500 | Train Acc 90.345
LR: 0.0007705132427757892
Epoch:6/10
 * Loss 0.479 | Train Acc 90.124
LR: 0.0006494480483301837
Epoch:7/10
 * Loss 0.450 | Train Acc 90.765
LR: 0.0005090414157503712
Epoch:8/10
 * Loss 0.452 | Train Acc 90.765
LR: 0.00035347484377925713
Epoch:9/10
 * Loss 0.435 | Train Acc 90.805
LR: 0.00018738131458572452
Epoch:10/10
 * Loss 0.415 | Train Acc 91.426
=> Saving class model to: outputs/cifar-100/10-task/hint-cat_eq-8-cosine-supcon-newsim/models/repeat-1/task-8/
=> Save Done
validation split name: 1
 * Val Acc 89.100, Total time 10.05
validation split name: 2
 * Val Acc 83.100, Total time 9.60
validation split name: 3
 * Val Acc 86.600, Total time 9.56
validation split name: 4
 * Val Acc 88.300, Total time 9.71
validation split name: 5
 * Val Acc 87.200, Total time 9.75
validation split name: 6
 * Val Acc 79.700, Total time 9.83
validation split name: 7
 * Val Acc 82.500, Total time 9.44
validation split name: 8
 * Val Acc 84.900, Total time 9.64
====================== 9 =======================
Incremental class: Old valid output dimension: 80
Incremental class: New Valid output dimension: 90
Optimizer is reset!
*****************************************
LR: 0.001
Epoch:1/10
 * Loss 1.386 | Train Acc 81.490
LR: 0.001
Epoch:2/10
 * Loss 0.631 | Train Acc 90.164
LR: 0.0009851093261547738
Epoch:3/10
 * Loss 0.535 | Train Acc 91.346
LR: 0.0009408807689542254
Epoch:4/10
 * Loss 0.492 | Train Acc 91.727
LR: 0.0008686315144381912
Epoch:5/10
 * Loss 0.478 | Train Acc 91.066
LR: 0.0007705132427757892
Epoch:6/10
 * Loss 0.454 | Train Acc 91.747
LR: 0.0006494480483301837
Epoch:7/10
 * Loss 0.438 | Train Acc 91.627
LR: 0.0005090414157503712
Epoch:8/10
 * Loss 0.432 | Train Acc 91.466
LR: 0.00035347484377925713
Epoch:9/10
 * Loss 0.411 | Train Acc 92.027
LR: 0.00018738131458572452
Epoch:10/10
 * Loss 0.411 | Train Acc 91.767
=> Saving class model to: outputs/cifar-100/10-task/hint-cat_eq-8-cosine-supcon-newsim/models/repeat-1/task-9/
=> Save Done
validation split name: 1
 * Val Acc 87.900, Total time 9.53
validation split name: 2
 * Val Acc 82.300, Total time 9.58
validation split name: 3
 * Val Acc 86.700, Total time 9.67
validation split name: 4
 * Val Acc 87.600, Total time 9.72
validation split name: 5
 * Val Acc 86.200, Total time 9.70
validation split name: 6
 * Val Acc 81.100, Total time 9.70
validation split name: 7
 * Val Acc 81.200, Total time 9.77
validation split name: 8
 * Val Acc 82.500, Total time 9.71
validation split name: 9
 * Val Acc 91.100, Total time 9.57
====================== 10 =======================
Incremental class: Old valid output dimension: 90
Incremental class: New Valid output dimension: 100
Optimizer is reset!
*****************************************
LR: 0.001
Epoch:1/10
 * Loss 1.285 | Train Acc 84.495
LR: 0.001
Epoch:2/10
 * Loss 0.546 | Train Acc 92.969
LR: 0.0009851093261547738
Epoch:3/10
 * Loss 0.478 | Train Acc 92.829
LR: 0.0009408807689542254
Epoch:4/10
 * Loss 0.423 | Train Acc 93.369
LR: 0.0008686315144381912
Epoch:5/10
 * Loss 0.405 | Train Acc 93.149
LR: 0.0007705132427757892
Epoch:6/10
 * Loss 0.377 | Train Acc 93.470
LR: 0.0006494480483301837
Epoch:7/10
 * Loss 0.369 | Train Acc 93.590
LR: 0.0005090414157503712
Epoch:8/10
 * Loss 0.364 | Train Acc 93.149
LR: 0.00035347484377925713
Epoch:9/10
 * Loss 0.348 | Train Acc 93.329
LR: 0.00018738131458572452
Epoch:10/10
 * Loss 0.339 | Train Acc 94.291
=> Saving class model to: outputs/cifar-100/10-task/hint-cat_eq-8-cosine-supcon-newsim/models/repeat-1/task-10/
=> Save Done
validation split name: 1
 * Val Acc 88.600, Total time 9.76
validation split name: 2
 * Val Acc 81.500, Total time 9.71
validation split name: 3
 * Val Acc 86.300, Total time 9.57
validation split name: 4
 * Val Acc 84.500, Total time 9.55
validation split name: 5
 * Val Acc 83.100, Total time 9.53
validation split name: 6
 * Val Acc 77.200, Total time 9.84
validation split name: 7
 * Val Acc 80.900, Total time 9.77
validation split name: 8
 * Val Acc 81.500, Total time 9.85
validation split name: 9
 * Val Acc 89.500, Total time 9.68
validation split name: 10
 * Val Acc 84.000, Total time 9.77
|-|-|-|-|-|-|-|-|-|-|-|-|-|-|-|-|-|-|-|-|-|-|-|-|-|-|-|-|-|-|-|-|-|-|-|-|-|-|-|-|-|-|-|-|-|-|-|-|-|-|-|-|-|-|-|-|-|-|-|-|-|-|-|-|-|-|-|-|-|-|-|-|-|-|-|-|-|-|-|-|-|-|-|-|-|-|-|-|-|-|-|-|-|-|-|-|-|-|-|-|
ortho penalty is on
Prompt strategy:  cat
*****************************************
Incremental class: Old valid output dimension: 0
Incremental class: New Valid output dimension: 10
=> Load Done
validation split name: 1
 * Val Acc 98.800, Total time 9.33
validation split name: 1
 * Val Acc 98.667, Total time 9.41
Incremental class: Old valid output dimension: 10
Incremental class: New Valid output dimension: 20
=> Load Done
validation split name: 1
 * Val Acc 96.300, Total time 9.31
validation split name: 2
 * Val Acc 95.200, Total time 9.52
validation split name: 1
 * Val Acc 98.444, Total time 9.43
validation split name: 2
 * Val Acc 98.333, Total time 9.52
Incremental class: Old valid output dimension: 20
Incremental class: New Valid output dimension: 30
=> Load Done
validation split name: 1
 * Val Acc 94.200, Total time 9.66
validation split name: 2
 * Val Acc 93.900, Total time 9.45
validation split name: 3
 * Val Acc 92.100, Total time 9.52
validation split name: 1
 * Val Acc 98.222, Total time 9.39
validation split name: 2
 * Val Acc 98.556, Total time 9.43
validation split name: 3
 * Val Acc 97.444, Total time 9.72
Incremental class: Old valid output dimension: 30
Incremental class: New Valid output dimension: 40
=> Load Done
validation split name: 1
 * Val Acc 92.900, Total time 9.50
validation split name: 2
 * Val Acc 88.300, Total time 9.55
validation split name: 3
 * Val Acc 91.300, Total time 9.46
validation split name: 4
 * Val Acc 92.600, Total time 9.45
validation split name: 1
 * Val Acc 98.333, Total time 9.40
validation split name: 2
 * Val Acc 98.444, Total time 9.51
validation split name: 3
 * Val Acc 97.222, Total time 9.55
validation split name: 4
 * Val Acc 98.222, Total time 9.44
Incremental class: Old valid output dimension: 40
Incremental class: New Valid output dimension: 50
=> Load Done
validation split name: 1
 * Val Acc 91.600, Total time 9.44
validation split name: 2
 * Val Acc 85.700, Total time 9.36
validation split name: 3
 * Val Acc 89.100, Total time 9.25
validation split name: 4
 * Val Acc 91.800, Total time 9.62
validation split name: 5
 * Val Acc 89.900, Total time 9.40
validation split name: 1
 * Val Acc 98.111, Total time 9.79
validation split name: 2
 * Val Acc 98.222, Total time 9.82
validation split name: 3
 * Val Acc 97.111, Total time 9.44
validation split name: 4
 * Val Acc 98.000, Total time 9.72
validation split name: 5
 * Val Acc 96.556, Total time 9.45
Incremental class: Old valid output dimension: 50
Incremental class: New Valid output dimension: 60
=> Load Done
validation split name: 1
 * Val Acc 90.600, Total time 9.63
validation split name: 2
 * Val Acc 85.000, Total time 9.54
validation split name: 3
 * Val Acc 87.700, Total time 9.63
validation split name: 4
 * Val Acc 89.200, Total time 9.66
validation split name: 5
 * Val Acc 88.000, Total time 9.50
validation split name: 6
 * Val Acc 85.500, Total time 9.40
validation split name: 1
 * Val Acc 98.111, Total time 9.54
validation split name: 2
 * Val Acc 97.889, Total time 9.49
validation split name: 3
 * Val Acc 97.000, Total time 9.44
validation split name: 4
 * Val Acc 97.778, Total time 9.74
validation split name: 5
 * Val Acc 96.556, Total time 9.35
validation split name: 6
 * Val Acc 98.889, Total time 9.40
Incremental class: Old valid output dimension: 60
Incremental class: New Valid output dimension: 70
=> Load Done
validation split name: 1
 * Val Acc 90.000, Total time 9.85
validation split name: 2
 * Val Acc 83.500, Total time 9.61
validation split name: 3
 * Val Acc 87.600, Total time 9.60
validation split name: 4
 * Val Acc 89.300, Total time 9.49
validation split name: 5
 * Val Acc 87.100, Total time 9.59
validation split name: 6
 * Val Acc 83.200, Total time 9.73
validation split name: 7
 * Val Acc 84.000, Total time 9.57
validation split name: 1
 * Val Acc 98.222, Total time 9.40
validation split name: 2
 * Val Acc 98.111, Total time 9.37
validation split name: 3
 * Val Acc 97.222, Total time 9.40
validation split name: 4
 * Val Acc 98.000, Total time 9.52
validation split name: 5
 * Val Acc 96.889, Total time 9.31
validation split name: 6
 * Val Acc 99.000, Total time 9.60
validation split name: 7
 * Val Acc 96.222, Total time 9.70
Incremental class: Old valid output dimension: 70
Incremental class: New Valid output dimension: 80
=> Load Done
validation split name: 1
 * Val Acc 89.100, Total time 9.58
validation split name: 2
 * Val Acc 83.100, Total time 9.65
validation split name: 3
 * Val Acc 86.600, Total time 9.79
validation split name: 4
 * Val Acc 88.300, Total time 9.46
validation split name: 5
 * Val Acc 87.200, Total time 9.46
validation split name: 6
 * Val Acc 79.700, Total time 9.64
validation split name: 7
 * Val Acc 82.500, Total time 9.53
validation split name: 8
 * Val Acc 84.900, Total time 9.53
validation split name: 1
 * Val Acc 98.222, Total time 9.57
validation split name: 2
 * Val Acc 98.222, Total time 9.47
validation split name: 3
 * Val Acc 97.333, Total time 9.67
validation split name: 4
 * Val Acc 97.778, Total time 9.55
validation split name: 5
 * Val Acc 96.667, Total time 9.48
validation split name: 6
 * Val Acc 99.111, Total time 9.77
validation split name: 7
 * Val Acc 96.444, Total time 9.36
validation split name: 8
 * Val Acc 97.444, Total time 9.67
Incremental class: Old valid output dimension: 80
Incremental class: New Valid output dimension: 90
=> Load Done
validation split name: 1
 * Val Acc 87.900, Total time 9.58
validation split name: 2
 * Val Acc 82.300, Total time 9.62
validation split name: 3
 * Val Acc 86.700, Total time 9.90
validation split name: 4
 * Val Acc 87.600, Total time 9.78
validation split name: 5
 * Val Acc 86.200, Total time 9.65
validation split name: 6
 * Val Acc 81.100, Total time 9.81
validation split name: 7
 * Val Acc 81.200, Total time 9.57
validation split name: 8
 * Val Acc 82.500, Total time 9.83
validation split name: 9
 * Val Acc 91.100, Total time 9.50
validation split name: 1
 * Val Acc 98.111, Total time 9.51
validation split name: 2
 * Val Acc 98.222, Total time 9.67
validation split name: 3
 * Val Acc 97.444, Total time 9.44
validation split name: 4
 * Val Acc 97.778, Total time 9.66
validation split name: 5
 * Val Acc 96.778, Total time 9.52
validation split name: 6
 * Val Acc 98.889, Total time 9.53
validation split name: 7
 * Val Acc 96.556, Total time 9.35
validation split name: 8
 * Val Acc 98.111, Total time 9.46
validation split name: 9
 * Val Acc 98.111, Total time 9.51
Incremental class: Old valid output dimension: 90
Incremental class: New Valid output dimension: 100
=> Load Done
validation split name: 1
 * Val Acc 88.600, Total time 9.55
validation split name: 2
 * Val Acc 81.500, Total time 9.68
validation split name: 3
 * Val Acc 86.300, Total time 9.83
validation split name: 4
 * Val Acc 84.500, Total time 9.65
validation split name: 5
 * Val Acc 83.100, Total time 10.01
validation split name: 6
 * Val Acc 77.200, Total time 9.80
validation split name: 7
 * Val Acc 80.900, Total time 9.64
validation split name: 8
 * Val Acc 81.500, Total time 10.16
validation split name: 9
 * Val Acc 89.500, Total time 10.00
validation split name: 10
 * Val Acc 84.000, Total time 9.56
validation split name: 1
 * Val Acc 98.000, Total time 9.98
validation split name: 2
 * Val Acc 98.000, Total time 9.51
validation split name: 3
 * Val Acc 97.222, Total time 9.63
validation split name: 4
 * Val Acc 97.667, Total time 9.87
validation split name: 5
 * Val Acc 97.111, Total time 9.47
validation split name: 6
 * Val Acc 98.889, Total time 9.89
validation split name: 7
 * Val Acc 96.333, Total time 9.59
validation split name: 8
 * Val Acc 97.667, Total time 9.58
validation split name: 9
 * Val Acc 98.000, Total time 9.65
validation split name: 10
 * Val Acc 98.444, Total time 9.50
===Summary of experiment repeats: 1 / 1 ===
acc  | mean: 83.71000000000001 std: 0.0
time  | mean: 0.7838837855901474 std: 0.0
