************************************
* STARTING TRIAL 1
************************************
Files already downloaded and verified
|-|-|-|-|-|-|-|-|-|-|-|-|-|-|-|-|-|-|-|-|-|-|-|-|-|-|-|-|-|-|-|-|-|-|-|-|-|-|-|-|-|-|-|-|-|-|-|-|-|-|-|-|-|-|-|-|-|-|-|-|-|-|-|-|-|-|-|-|-|-|-|-|-|-|-|-|-|-|-|-|-|-|-|-|-|-|-|-|-|-|-|-|-|-|-|-|-|-|-|-|
ortho penalty is on
Prompt strategy:  int
*****************************************
====================== 1 =======================
Incremental class: Old valid output dimension: 0
Incremental class: New Valid output dimension: 10
Optimizer is reset!
*****************************************
LR: 0.001
Epoch:1/10
 * Loss 1.962 | Train Acc 76.943
LR: 0.001
Epoch:2/10
 * Loss 0.587 | Train Acc 92.147
LR: 0.0009851093261547738
Epoch:3/10
 * Loss 0.381 | Train Acc 93.369
LR: 0.0009408807689542254
Epoch:4/10
 * Loss 0.320 | Train Acc 93.229
LR: 0.0008686315144381912
Epoch:5/10
 * Loss 0.287 | Train Acc 93.089
LR: 0.0007705132427757892
Epoch:6/10
 * Loss 0.264 | Train Acc 93.630
LR: 0.0006494480483301837
Epoch:7/10
 * Loss 0.244 | Train Acc 94.030
LR: 0.0005090414157503712
Epoch:8/10
 * Loss 0.251 | Train Acc 93.530
LR: 0.00035347484377925713
Epoch:9/10
 * Loss 0.226 | Train Acc 94.191
LR: 0.00018738131458572452
Epoch:10/10
 * Loss 0.229 | Train Acc 94.091
=> Saving class model to: outputs/cifar-100/10-task/hint-int-8-cosine-supcon-newsim/models/repeat-1/task-1/
=> Save Done
validation split name: 1
 * Val Acc 99.300, Total time 9.44
====================== 2 =======================
Incremental class: Old valid output dimension: 10
Incremental class: New Valid output dimension: 20
Optimizer is reset!
*****************************************
LR: 0.001
Epoch:1/10
 * Loss 1.845 | Train Acc 77.905
LR: 0.001
Epoch:2/10
 * Loss 0.666 | Train Acc 91.086
LR: 0.0009851093261547738
Epoch:3/10
 * Loss 0.473 | Train Acc 91.386
LR: 0.0009408807689542254
Epoch:4/10
 * Loss 0.397 | Train Acc 91.787
LR: 0.0008686315144381912
Epoch:5/10
 * Loss 0.360 | Train Acc 92.288
LR: 0.0007705132427757892
Epoch:6/10
 * Loss 0.345 | Train Acc 92.268
LR: 0.0006494480483301837
Epoch:7/10
 * Loss 0.331 | Train Acc 92.348
LR: 0.0005090414157503712
Epoch:8/10
 * Loss 0.304 | Train Acc 93.029
LR: 0.00035347484377925713
Epoch:9/10
 * Loss 0.300 | Train Acc 93.149
LR: 0.00018738131458572452
Epoch:10/10
 * Loss 0.299 | Train Acc 92.909
=> Saving class model to: outputs/cifar-100/10-task/hint-int-8-cosine-supcon-newsim/models/repeat-1/task-2/
=> Save Done
validation split name: 1
 * Val Acc 95.500, Total time 9.62
validation split name: 2
 * Val Acc 97.100, Total time 9.48
====================== 3 =======================
Incremental class: Old valid output dimension: 20
Incremental class: New Valid output dimension: 30
Optimizer is reset!
*****************************************
LR: 0.001
Epoch:1/10
 * Loss 1.405 | Train Acc 84.034
LR: 0.001
Epoch:2/10
 * Loss 0.569 | Train Acc 91.046
LR: 0.0009851093261547738
Epoch:3/10
 * Loss 0.427 | Train Acc 91.707
LR: 0.0009408807689542254
Epoch:4/10
 * Loss 0.388 | Train Acc 92.067
LR: 0.0008686315144381912
Epoch:5/10
 * Loss 0.349 | Train Acc 92.488
LR: 0.0007705132427757892
Epoch:6/10
 * Loss 0.340 | Train Acc 92.628
LR: 0.0006494480483301837
Epoch:7/10
 * Loss 0.315 | Train Acc 93.049
LR: 0.0005090414157503712
Epoch:8/10
 * Loss 0.318 | Train Acc 92.488
LR: 0.00035347484377925713
Epoch:9/10
 * Loss 0.296 | Train Acc 93.089
LR: 0.00018738131458572452
Epoch:10/10
 * Loss 0.284 | Train Acc 93.690
=> Saving class model to: outputs/cifar-100/10-task/hint-int-8-cosine-supcon-newsim/models/repeat-1/task-3/
=> Save Done
validation split name: 1
 * Val Acc 92.900, Total time 9.43
validation split name: 2
 * Val Acc 94.200, Total time 9.46
validation split name: 3
 * Val Acc 95.200, Total time 9.61
====================== 4 =======================
Incremental class: Old valid output dimension: 30
Incremental class: New Valid output dimension: 40
Optimizer is reset!
*****************************************
LR: 0.001
Epoch:1/10
 * Loss 1.476 | Train Acc 83.313
LR: 0.001
Epoch:2/10
 * Loss 0.569 | Train Acc 91.947
LR: 0.0009851093261547738
Epoch:3/10
 * Loss 0.419 | Train Acc 92.608
LR: 0.0009408807689542254
Epoch:4/10
 * Loss 0.354 | Train Acc 93.289
LR: 0.0008686315144381912
Epoch:5/10
 * Loss 0.327 | Train Acc 93.429
LR: 0.0007705132427757892
Epoch:6/10
 * Loss 0.304 | Train Acc 93.510
LR: 0.0006494480483301837
Epoch:7/10
 * Loss 0.294 | Train Acc 93.530
LR: 0.0005090414157503712
Epoch:8/10
 * Loss 0.287 | Train Acc 93.570
LR: 0.00035347484377925713
Epoch:9/10
 * Loss 0.287 | Train Acc 93.289
LR: 0.00018738131458572452
Epoch:10/10
 * Loss 0.270 | Train Acc 94.171
=> Saving class model to: outputs/cifar-100/10-task/hint-int-8-cosine-supcon-newsim/models/repeat-1/task-4/
=> Save Done
validation split name: 1
 * Val Acc 92.100, Total time 9.45
validation split name: 2
 * Val Acc 86.000, Total time 9.54
validation split name: 3
 * Val Acc 94.100, Total time 9.63
validation split name: 4
 * Val Acc 95.900, Total time 9.45
====================== 5 =======================
Incremental class: Old valid output dimension: 40
Incremental class: New Valid output dimension: 50
Optimizer is reset!
*****************************************
LR: 0.001
Epoch:1/10
 * Loss 1.532 | Train Acc 81.070
LR: 0.001
Epoch:2/10
 * Loss 0.574 | Train Acc 91.046
LR: 0.0009851093261547738
Epoch:3/10
 * Loss 0.423 | Train Acc 92.588
LR: 0.0009408807689542254
Epoch:4/10
 * Loss 0.385 | Train Acc 91.987
LR: 0.0008686315144381912
Epoch:5/10
 * Loss 0.349 | Train Acc 92.949
LR: 0.0007705132427757892
Epoch:6/10
 * Loss 0.325 | Train Acc 93.009
LR: 0.0006494480483301837
Epoch:7/10
 * Loss 0.300 | Train Acc 93.389
LR: 0.0005090414157503712
Epoch:8/10
 * Loss 0.292 | Train Acc 93.530
LR: 0.00035347484377925713
Epoch:9/10
 * Loss 0.301 | Train Acc 92.909
LR: 0.00018738131458572452
Epoch:10/10
 * Loss 0.290 | Train Acc 93.229
=> Saving class model to: outputs/cifar-100/10-task/hint-int-8-cosine-supcon-newsim/models/repeat-1/task-5/
=> Save Done
validation split name: 1
 * Val Acc 91.000, Total time 9.61
validation split name: 2
 * Val Acc 84.900, Total time 9.79
validation split name: 3
 * Val Acc 91.900, Total time 9.60
validation split name: 4
 * Val Acc 93.000, Total time 9.58
validation split name: 5
 * Val Acc 94.100, Total time 9.56
====================== 6 =======================
Incremental class: Old valid output dimension: 50
Incremental class: New Valid output dimension: 60
Optimizer is reset!
*****************************************
LR: 0.001
Epoch:1/10
 * Loss 1.483 | Train Acc 80.729
LR: 0.001
Epoch:2/10
 * Loss 0.539 | Train Acc 90.565
LR: 0.0009851093261547738
Epoch:3/10
 * Loss 0.422 | Train Acc 90.825
LR: 0.0009408807689542254
Epoch:4/10
 * Loss 0.364 | Train Acc 91.947
LR: 0.0008686315144381912
Epoch:5/10
 * Loss 0.332 | Train Acc 91.707
LR: 0.0007705132427757892
Epoch:6/10
 * Loss 0.311 | Train Acc 92.107
LR: 0.0006494480483301837
Epoch:7/10
 * Loss 0.281 | Train Acc 93.109
LR: 0.0005090414157503712
Epoch:8/10
 * Loss 0.277 | Train Acc 92.969
LR: 0.00035347484377925713
Epoch:9/10
 * Loss 0.265 | Train Acc 93.570
LR: 0.00018738131458572452
Epoch:10/10
 * Loss 0.278 | Train Acc 92.107
=> Saving class model to: outputs/cifar-100/10-task/hint-int-8-cosine-supcon-newsim/models/repeat-1/task-6/
=> Save Done
validation split name: 1
 * Val Acc 90.900, Total time 9.57
validation split name: 2
 * Val Acc 84.700, Total time 9.55
validation split name: 3
 * Val Acc 90.200, Total time 10.00
validation split name: 4
 * Val Acc 89.500, Total time 9.59
validation split name: 5
 * Val Acc 91.300, Total time 9.71
validation split name: 6
 * Val Acc 89.500, Total time 10.02
====================== 7 =======================
Incremental class: Old valid output dimension: 60
Incremental class: New Valid output dimension: 70
Optimizer is reset!
*****************************************
LR: 0.001
Epoch:1/10
 * Loss 1.542 | Train Acc 80.629
LR: 0.001
Epoch:2/10
 * Loss 0.612 | Train Acc 90.325
LR: 0.0009851093261547738
Epoch:3/10
 * Loss 0.470 | Train Acc 90.865
LR: 0.0009408807689542254
Epoch:4/10
 * Loss 0.417 | Train Acc 91.406
LR: 0.0008686315144381912
Epoch:5/10
 * Loss 0.374 | Train Acc 91.887
LR: 0.0007705132427757892
Epoch:6/10
 * Loss 0.353 | Train Acc 92.027
LR: 0.0006494480483301837
Epoch:7/10
 * Loss 0.356 | Train Acc 91.987
LR: 0.0005090414157503712
Epoch:8/10
 * Loss 0.335 | Train Acc 92.368
LR: 0.00035347484377925713
Epoch:9/10
 * Loss 0.320 | Train Acc 92.368
LR: 0.00018738131458572452
Epoch:10/10
 * Loss 0.324 | Train Acc 92.228
=> Saving class model to: outputs/cifar-100/10-task/hint-int-8-cosine-supcon-newsim/models/repeat-1/task-7/
=> Save Done
validation split name: 1
 * Val Acc 90.200, Total time 9.67
validation split name: 2
 * Val Acc 83.700, Total time 9.73
validation split name: 3
 * Val Acc 89.500, Total time 9.56
validation split name: 4
 * Val Acc 89.900, Total time 9.95
validation split name: 5
 * Val Acc 92.200, Total time 9.49
validation split name: 6
 * Val Acc 85.400, Total time 9.62
validation split name: 7
 * Val Acc 88.600, Total time 9.62
====================== 8 =======================
Incremental class: Old valid output dimension: 70
Incremental class: New Valid output dimension: 80
Optimizer is reset!
*****************************************
LR: 0.001
Epoch:1/10
 * Loss 1.423 | Train Acc 82.192
LR: 0.001
Epoch:2/10
 * Loss 0.536 | Train Acc 91.266
LR: 0.0009851093261547738
Epoch:3/10
 * Loss 0.417 | Train Acc 92.208
LR: 0.0009408807689542254
Epoch:4/10
 * Loss 0.388 | Train Acc 92.248
LR: 0.0008686315144381912
Epoch:5/10
 * Loss 0.346 | Train Acc 92.949
LR: 0.0007705132427757892
Epoch:6/10
 * Loss 0.329 | Train Acc 92.668
LR: 0.0006494480483301837
Epoch:7/10
 * Loss 0.302 | Train Acc 93.309
LR: 0.0005090414157503712
Epoch:8/10
 * Loss 0.313 | Train Acc 92.608
LR: 0.00035347484377925713
Epoch:9/10
 * Loss 0.293 | Train Acc 93.029
LR: 0.00018738131458572452
Epoch:10/10
 * Loss 0.284 | Train Acc 93.349
=> Saving class model to: outputs/cifar-100/10-task/hint-int-8-cosine-supcon-newsim/models/repeat-1/task-8/
=> Save Done
validation split name: 1
 * Val Acc 90.000, Total time 9.70
validation split name: 2
 * Val Acc 84.400, Total time 9.98
validation split name: 3
 * Val Acc 88.100, Total time 9.61
validation split name: 4
 * Val Acc 87.600, Total time 9.72
validation split name: 5
 * Val Acc 92.300, Total time 9.73
validation split name: 6
 * Val Acc 82.400, Total time 9.55
validation split name: 7
 * Val Acc 86.500, Total time 9.59
validation split name: 8
 * Val Acc 89.000, Total time 9.59
====================== 9 =======================
Incremental class: Old valid output dimension: 80
Incremental class: New Valid output dimension: 90
Optimizer is reset!
*****************************************
LR: 0.001
Epoch:1/10
 * Loss 1.484 | Train Acc 83.614
LR: 0.001
Epoch:2/10
 * Loss 0.529 | Train Acc 92.208
LR: 0.0009851093261547738
Epoch:3/10
 * Loss 0.396 | Train Acc 93.429
LR: 0.0009408807689542254
Epoch:4/10
 * Loss 0.349 | Train Acc 93.570
LR: 0.0008686315144381912
Epoch:5/10
 * Loss 0.328 | Train Acc 93.029
LR: 0.0007705132427757892
Epoch:6/10
 * Loss 0.307 | Train Acc 93.470
LR: 0.0006494480483301837
Epoch:7/10
 * Loss 0.276 | Train Acc 94.151
LR: 0.0005090414157503712
Epoch:8/10
 * Loss 0.273 | Train Acc 94.050
LR: 0.00035347484377925713
Epoch:9/10
 * Loss 0.246 | Train Acc 94.391
LR: 0.00018738131458572452
Epoch:10/10
 * Loss 0.251 | Train Acc 94.171
=> Saving class model to: outputs/cifar-100/10-task/hint-int-8-cosine-supcon-newsim/models/repeat-1/task-9/
=> Save Done
validation split name: 1
 * Val Acc 89.800, Total time 9.82
validation split name: 2
 * Val Acc 82.500, Total time 9.92
validation split name: 3
 * Val Acc 88.900, Total time 9.70
validation split name: 4
 * Val Acc 86.500, Total time 10.02
validation split name: 5
 * Val Acc 90.100, Total time 9.84
validation split name: 6
 * Val Acc 84.000, Total time 9.52
validation split name: 7
 * Val Acc 85.400, Total time 9.60
validation split name: 8
 * Val Acc 87.300, Total time 9.83
validation split name: 9
 * Val Acc 94.200, Total time 9.72
====================== 10 =======================
Incremental class: Old valid output dimension: 90
Incremental class: New Valid output dimension: 100
Optimizer is reset!
*****************************************
LR: 0.001
Epoch:1/10
 * Loss 1.424 | Train Acc 85.797
LR: 0.001
Epoch:2/10
 * Loss 0.470 | Train Acc 94.812
LR: 0.0009851093261547738
Epoch:3/10
 * Loss 0.354 | Train Acc 94.331
LR: 0.0009408807689542254
Epoch:4/10
 * Loss 0.298 | Train Acc 95.192
LR: 0.0008686315144381912
Epoch:5/10
 * Loss 0.271 | Train Acc 94.852
LR: 0.0007705132427757892
Epoch:6/10
 * Loss 0.248 | Train Acc 95.373
LR: 0.0006494480483301837
Epoch:7/10
 * Loss 0.237 | Train Acc 95.433
LR: 0.0005090414157503712
Epoch:8/10
 * Loss 0.232 | Train Acc 95.152
LR: 0.00035347484377925713
Epoch:9/10
 * Loss 0.227 | Train Acc 94.932
LR: 0.00018738131458572452
Epoch:10/10
 * Loss 0.216 | Train Acc 95.673
=> Saving class model to: outputs/cifar-100/10-task/hint-int-8-cosine-supcon-newsim/models/repeat-1/task-10/
=> Save Done
validation split name: 1
 * Val Acc 90.600, Total time 9.74
validation split name: 2
 * Val Acc 83.100, Total time 9.71
validation split name: 3
 * Val Acc 89.700, Total time 9.70
validation split name: 4
 * Val Acc 83.700, Total time 10.06
validation split name: 5
 * Val Acc 87.300, Total time 9.97
validation split name: 6
 * Val Acc 77.900, Total time 9.68
validation split name: 7
 * Val Acc 83.000, Total time 10.06
validation split name: 8
 * Val Acc 86.500, Total time 9.70
validation split name: 9
 * Val Acc 91.700, Total time 9.92
validation split name: 10
 * Val Acc 90.600, Total time 9.84
|-|-|-|-|-|-|-|-|-|-|-|-|-|-|-|-|-|-|-|-|-|-|-|-|-|-|-|-|-|-|-|-|-|-|-|-|-|-|-|-|-|-|-|-|-|-|-|-|-|-|-|-|-|-|-|-|-|-|-|-|-|-|-|-|-|-|-|-|-|-|-|-|-|-|-|-|-|-|-|-|-|-|-|-|-|-|-|-|-|-|-|-|-|-|-|-|-|-|-|-|
ortho penalty is on
Prompt strategy:  int
*****************************************
Incremental class: Old valid output dimension: 0
Incremental class: New Valid output dimension: 10
=> Load Done
validation split name: 1
 * Val Acc 99.300, Total time 9.60
validation split name: 1
 * Val Acc 99.222, Total time 9.53
Incremental class: Old valid output dimension: 10
Incremental class: New Valid output dimension: 20
=> Load Done
validation split name: 1
 * Val Acc 95.500, Total time 9.69
validation split name: 2
 * Val Acc 97.100, Total time 9.48
validation split name: 1
 * Val Acc 99.000, Total time 9.68
validation split name: 2
 * Val Acc 99.111, Total time 9.83
Incremental class: Old valid output dimension: 20
Incremental class: New Valid output dimension: 30
=> Load Done
validation split name: 1
 * Val Acc 92.900, Total time 9.53
validation split name: 2
 * Val Acc 94.200, Total time 9.55
validation split name: 3
 * Val Acc 95.200, Total time 9.52
validation split name: 1
 * Val Acc 99.000, Total time 9.65
validation split name: 2
 * Val Acc 98.889, Total time 9.67
validation split name: 3
 * Val Acc 97.889, Total time 9.57
Incremental class: Old valid output dimension: 30
Incremental class: New Valid output dimension: 40
=> Load Done
validation split name: 1
 * Val Acc 92.100, Total time 9.75
validation split name: 2
 * Val Acc 86.000, Total time 9.61
validation split name: 3
 * Val Acc 94.100, Total time 9.49
validation split name: 4
 * Val Acc 95.900, Total time 9.48
validation split name: 1
 * Val Acc 98.667, Total time 9.54
validation split name: 2
 * Val Acc 98.444, Total time 9.75
validation split name: 3
 * Val Acc 97.778, Total time 9.57
validation split name: 4
 * Val Acc 98.556, Total time 10.00
Incremental class: Old valid output dimension: 40
Incremental class: New Valid output dimension: 50
=> Load Done
validation split name: 1
 * Val Acc 91.000, Total time 9.95
validation split name: 2
 * Val Acc 84.900, Total time 9.62
validation split name: 3
 * Val Acc 91.900, Total time 9.48
validation split name: 4
 * Val Acc 93.000, Total time 9.62
validation split name: 5
 * Val Acc 94.100, Total time 9.55
validation split name: 1
 * Val Acc 98.556, Total time 9.40
validation split name: 2
 * Val Acc 98.333, Total time 9.75
validation split name: 3
 * Val Acc 97.778, Total time 9.70
validation split name: 4
 * Val Acc 98.444, Total time 9.54
validation split name: 5
 * Val Acc 98.667, Total time 9.50
Incremental class: Old valid output dimension: 50
Incremental class: New Valid output dimension: 60
=> Load Done
validation split name: 1
 * Val Acc 90.900, Total time 9.84
validation split name: 2
 * Val Acc 84.700, Total time 9.75
validation split name: 3
 * Val Acc 90.200, Total time 9.88
validation split name: 4
 * Val Acc 89.500, Total time 9.93
validation split name: 5
 * Val Acc 91.300, Total time 9.51
validation split name: 6
 * Val Acc 89.500, Total time 9.86
validation split name: 1
 * Val Acc 99.111, Total time 9.58
validation split name: 2
 * Val Acc 98.333, Total time 9.71
validation split name: 3
 * Val Acc 97.667, Total time 9.53
validation split name: 4
 * Val Acc 98.333, Total time 9.88
validation split name: 5
 * Val Acc 98.444, Total time 9.58
validation split name: 6
 * Val Acc 98.444, Total time 9.45
Incremental class: Old valid output dimension: 60
Incremental class: New Valid output dimension: 70
=> Load Done
validation split name: 1
 * Val Acc 90.200, Total time 9.80
validation split name: 2
 * Val Acc 83.700, Total time 9.67
validation split name: 3
 * Val Acc 89.500, Total time 9.60
validation split name: 4
 * Val Acc 89.900, Total time 9.56
validation split name: 5
 * Val Acc 92.200, Total time 9.79
validation split name: 6
 * Val Acc 85.400, Total time 9.68
validation split name: 7
 * Val Acc 88.600, Total time 9.85
validation split name: 1
 * Val Acc 99.111, Total time 9.90
validation split name: 2
 * Val Acc 98.556, Total time 9.64
validation split name: 3
 * Val Acc 97.556, Total time 9.74
validation split name: 4
 * Val Acc 98.889, Total time 9.96
validation split name: 5
 * Val Acc 98.222, Total time 9.56
validation split name: 6
 * Val Acc 98.333, Total time 9.77
validation split name: 7
 * Val Acc 97.000, Total time 9.83
Incremental class: Old valid output dimension: 70
Incremental class: New Valid output dimension: 80
=> Load Done
validation split name: 1
 * Val Acc 90.000, Total time 9.86
validation split name: 2
 * Val Acc 84.400, Total time 9.65
validation split name: 3
 * Val Acc 88.100, Total time 9.80
validation split name: 4
 * Val Acc 87.600, Total time 9.55
validation split name: 5
 * Val Acc 92.300, Total time 9.75
validation split name: 6
 * Val Acc 82.400, Total time 9.63
validation split name: 7
 * Val Acc 86.500, Total time 9.70
validation split name: 8
 * Val Acc 89.000, Total time 9.89
validation split name: 1
 * Val Acc 99.111, Total time 9.52
validation split name: 2
 * Val Acc 98.889, Total time 9.72
validation split name: 3
 * Val Acc 97.222, Total time 9.65
validation split name: 4
 * Val Acc 98.444, Total time 9.83
validation split name: 5
 * Val Acc 97.778, Total time 9.68
validation split name: 6
 * Val Acc 98.444, Total time 9.70
validation split name: 7
 * Val Acc 96.889, Total time 9.75
validation split name: 8
 * Val Acc 97.778, Total time 9.69
Incremental class: Old valid output dimension: 80
Incremental class: New Valid output dimension: 90
=> Load Done
validation split name: 1
 * Val Acc 89.800, Total time 9.85
validation split name: 2
 * Val Acc 82.500, Total time 9.97
validation split name: 3
 * Val Acc 88.900, Total time 9.89
validation split name: 4
 * Val Acc 86.500, Total time 10.20
validation split name: 5
 * Val Acc 90.100, Total time 10.02
validation split name: 6
 * Val Acc 84.000, Total time 9.99
validation split name: 7
 * Val Acc 85.400, Total time 9.75
validation split name: 8
 * Val Acc 87.300, Total time 10.14
validation split name: 9
 * Val Acc 94.200, Total time 9.84
validation split name: 1
 * Val Acc 99.000, Total time 9.96
validation split name: 2
 * Val Acc 98.556, Total time 9.79
validation split name: 3
 * Val Acc 97.444, Total time 9.75
validation split name: 4
 * Val Acc 98.000, Total time 9.77
validation split name: 5
 * Val Acc 97.778, Total time 9.58
validation split name: 6
 * Val Acc 98.000, Total time 9.86
validation split name: 7
 * Val Acc 96.889, Total time 9.76
validation split name: 8
 * Val Acc 97.667, Total time 9.70
validation split name: 9
 * Val Acc 98.667, Total time 10.12
Incremental class: Old valid output dimension: 90
Incremental class: New Valid output dimension: 100
=> Load Done
validation split name: 1
 * Val Acc 90.600, Total time 10.09
validation split name: 2
 * Val Acc 83.100, Total time 10.00
validation split name: 3
 * Val Acc 89.700, Total time 9.80
validation split name: 4
 * Val Acc 83.700, Total time 10.00
validation split name: 5
 * Val Acc 87.300, Total time 9.89
validation split name: 6
 * Val Acc 77.900, Total time 9.96
validation split name: 7
 * Val Acc 83.000, Total time 9.88
validation split name: 8
 * Val Acc 86.500, Total time 9.80
validation split name: 9
 * Val Acc 91.700, Total time 10.01
validation split name: 10
 * Val Acc 90.600, Total time 9.96
validation split name: 1
 * Val Acc 98.889, Total time 9.98
validation split name: 2
 * Val Acc 98.556, Total time 9.89
validation split name: 3
 * Val Acc 97.444, Total time 9.77
validation split name: 4
 * Val Acc 98.333, Total time 9.85
validation split name: 5
 * Val Acc 97.556, Total time 9.78
validation split name: 6
 * Val Acc 98.222, Total time 9.77
validation split name: 7
 * Val Acc 96.556, Total time 9.79
validation split name: 8
 * Val Acc 97.778, Total time 9.89
validation split name: 9
 * Val Acc 98.667, Total time 9.92
validation split name: 10
 * Val Acc 99.222, Total time 9.72
===Summary of experiment repeats: 1 / 1 ===
acc  | mean: 86.41 std: 0.0
time  | mean: 0.7770940789809594 std: 0.0
