************************************
* STARTING TRIAL 1
************************************
Files already downloaded and verified
|-|-|-|-|-|-|-|-|-|-|-|-|-|-|-|-|-|-|-|-|-|-|-|-|-|-|-|-|-|-|-|-|-|-|-|-|-|-|-|-|-|-|-|-|-|-|-|-|-|-|-|-|-|-|-|-|-|-|-|-|-|-|-|-|-|-|-|-|-|-|-|-|-|-|-|-|-|-|-|-|-|-|-|-|-|-|-|-|-|-|-|-|-|-|-|-|-|-|-|-|
ortho penalty is on
Prompt strategy:  proj
*****************************************
====================== 1 =======================
Incremental class: Old valid output dimension: 0
Incremental class: New Valid output dimension: 10
Optimizer is reset!
*****************************************
LR: 0.001
Epoch:1/10
 * Loss 1.707 | Train Acc 76.342
LR: 0.001
Epoch:2/10
 * Loss 0.590 | Train Acc 91.767
LR: 0.0009851093261547738
Epoch:3/10
 * Loss 0.400 | Train Acc 93.450
LR: 0.0009408807689542254
Epoch:4/10
 * Loss 0.322 | Train Acc 93.550
LR: 0.0008686315144381912
Epoch:5/10
 * Loss 0.276 | Train Acc 94.251
LR: 0.0007705132427757892
Epoch:6/10
 * Loss 0.265 | Train Acc 93.770
LR: 0.0006494480483301837
Epoch:7/10
 * Loss 0.268 | Train Acc 93.249
LR: 0.0005090414157503712
Epoch:8/10
 * Loss 0.233 | Train Acc 94.451
LR: 0.00035347484377925713
Epoch:9/10
 * Loss 0.223 | Train Acc 94.772
LR: 0.00018738131458572452
Epoch:10/10
 * Loss 0.227 | Train Acc 94.231
=> Saving class model to: outputs/cifar-100/10-task/proj_hint-int-8-newsim-rand1007/models/repeat-1/task-1/
=> Save Done
validation split name: 1
 * Val Acc 99.000, Total time 9.11
====================== 2 =======================
Incremental class: Old valid output dimension: 10
Incremental class: New Valid output dimension: 20
Optimizer is reset!
*****************************************
LR: 0.001
Epoch:1/10
 * Loss 2.856 | Train Acc 81.170
LR: 0.001
Epoch:2/10
 * Loss 1.702 | Train Acc 89.984
LR: 0.0009851093261547738
Epoch:3/10
 * Loss 1.600 | Train Acc 90.485
LR: 0.0009408807689542254
Epoch:4/10
 * Loss 1.556 | Train Acc 90.184
LR: 0.0008686315144381912
Epoch:5/10
 * Loss 1.534 | Train Acc 90.405
LR: 0.0007705132427757892
Epoch:6/10
 * Loss 1.488 | Train Acc 90.685
LR: 0.0006494480483301837
Epoch:7/10
 * Loss 1.548 | Train Acc 90.084
LR: 0.0005090414157503712
Epoch:8/10
 * Loss 1.463 | Train Acc 90.986
LR: 0.00035347484377925713
Epoch:9/10
 * Loss 1.501 | Train Acc 90.625
LR: 0.00018738131458572452
Epoch:10/10
 * Loss 1.463 | Train Acc 91.006
=> Saving class model to: outputs/cifar-100/10-task/proj_hint-int-8-newsim-rand1007/models/repeat-1/task-2/
=> Save Done
validation split name: 1
 * Val Acc 98.900, Total time 9.25
validation split name: 2
 * Val Acc 92.400, Total time 9.15
====================== 3 =======================
Incremental class: Old valid output dimension: 20
Incremental class: New Valid output dimension: 30
Optimizer is reset!
*****************************************
LR: 0.001
Epoch:1/10
 * Loss 2.372 | Train Acc 83.474
LR: 0.001
Epoch:2/10
 * Loss 1.731 | Train Acc 90.785
LR: 0.0009851093261547738
Epoch:3/10
 * Loss 1.568 | Train Acc 91.326
LR: 0.0009408807689542254
Epoch:4/10
 * Loss 1.603 | Train Acc 90.425
LR: 0.0008686315144381912
Epoch:5/10
 * Loss 1.479 | Train Acc 91.767
LR: 0.0007705132427757892
Epoch:6/10
 * Loss 1.517 | Train Acc 90.705
LR: 0.0006494480483301837
Epoch:7/10
 * Loss 1.518 | Train Acc 91.126
LR: 0.0005090414157503712
Epoch:8/10
 * Loss 1.515 | Train Acc 91.086
LR: 0.00035347484377925713
Epoch:9/10
 * Loss 1.446 | Train Acc 91.186
LR: 0.00018738131458572452
Epoch:10/10
 * Loss 1.439 | Train Acc 91.486
=> Saving class model to: outputs/cifar-100/10-task/proj_hint-int-8-newsim-rand1007/models/repeat-1/task-3/
=> Save Done
validation split name: 1
 * Val Acc 98.600, Total time 9.29
validation split name: 2
 * Val Acc 91.600, Total time 9.18
validation split name: 3
 * Val Acc 90.900, Total time 9.26
====================== 4 =======================
Incremental class: Old valid output dimension: 30
Incremental class: New Valid output dimension: 40
Optimizer is reset!
*****************************************
LR: 0.001
Epoch:1/10
 * Loss 2.018 | Train Acc 85.417
LR: 0.001
Epoch:2/10
 * Loss 1.379 | Train Acc 91.466
LR: 0.0009851093261547738
Epoch:3/10
 * Loss 1.298 | Train Acc 91.947
LR: 0.0009408807689542254
Epoch:4/10
 * Loss 1.256 | Train Acc 92.127
LR: 0.0008686315144381912
Epoch:5/10
 * Loss 1.239 | Train Acc 92.688
LR: 0.0007705132427757892
Epoch:6/10
 * Loss 1.208 | Train Acc 92.889
LR: 0.0006494480483301837
Epoch:7/10
 * Loss 1.198 | Train Acc 92.889
LR: 0.0005090414157503712
Epoch:8/10
 * Loss 1.176 | Train Acc 93.690
LR: 0.00035347484377925713
Epoch:9/10
 * Loss 1.179 | Train Acc 93.069
LR: 0.00018738131458572452
Epoch:10/10
 * Loss 1.191 | Train Acc 92.829
=> Saving class model to: outputs/cifar-100/10-task/proj_hint-int-8-newsim-rand1007/models/repeat-1/task-4/
=> Save Done
validation split name: 1
 * Val Acc 98.300, Total time 9.21
validation split name: 2
 * Val Acc 88.200, Total time 9.45
validation split name: 3
 * Val Acc 90.800, Total time 9.19
validation split name: 4
 * Val Acc 90.900, Total time 9.23
====================== 5 =======================
Incremental class: Old valid output dimension: 40
Incremental class: New Valid output dimension: 50
Optimizer is reset!
*****************************************
LR: 0.001
Epoch:1/10
 * Loss 2.472 | Train Acc 82.833
LR: 0.001
Epoch:2/10
 * Loss 1.758 | Train Acc 91.587
LR: 0.0009851093261547738
Epoch:3/10
 * Loss 1.692 | Train Acc 90.986
LR: 0.0009408807689542254
Epoch:4/10
 * Loss 1.639 | Train Acc 92.508
LR: 0.0008686315144381912
Epoch:5/10
 * Loss 1.627 | Train Acc 91.967
LR: 0.0007705132427757892
Epoch:6/10
 * Loss 1.621 | Train Acc 92.528
LR: 0.0006494480483301837
Epoch:7/10
 * Loss 1.602 | Train Acc 92.268
LR: 0.0005090414157503712
Epoch:8/10
 * Loss 1.598 | Train Acc 92.889
LR: 0.00035347484377925713
Epoch:9/10
 * Loss 1.639 | Train Acc 92.829
LR: 0.00018738131458572452
Epoch:10/10
 * Loss 1.693 | Train Acc 92.949
=> Saving class model to: outputs/cifar-100/10-task/proj_hint-int-8-newsim-rand1007/models/repeat-1/task-5/
=> Save Done
validation split name: 1
 * Val Acc 97.700, Total time 9.25
validation split name: 2
 * Val Acc 85.900, Total time 9.10
validation split name: 3
 * Val Acc 88.300, Total time 9.19
validation split name: 4
 * Val Acc 89.900, Total time 9.12
validation split name: 5
 * Val Acc 90.300, Total time 9.15
====================== 6 =======================
Incremental class: Old valid output dimension: 50
Incremental class: New Valid output dimension: 60
Optimizer is reset!
*****************************************
LR: 0.001
Epoch:1/10
 * Loss 2.842 | Train Acc 82.192
LR: 0.001
Epoch:2/10
 * Loss 2.181 | Train Acc 89.623
LR: 0.0009851093261547738
Epoch:3/10
 * Loss 2.112 | Train Acc 90.405
LR: 0.0009408807689542254
Epoch:4/10
 * Loss 2.051 | Train Acc 91.066
LR: 0.0008686315144381912
Epoch:5/10
 * Loss 2.026 | Train Acc 91.006
LR: 0.0007705132427757892
Epoch:6/10
 * Loss 2.029 | Train Acc 91.226
LR: 0.0006494480483301837
Epoch:7/10
 * Loss 2.010 | Train Acc 92.047
LR: 0.0005090414157503712
Epoch:8/10
 * Loss 2.014 | Train Acc 92.188
LR: 0.00035347484377925713
Epoch:9/10
 * Loss 2.049 | Train Acc 92.087
LR: 0.00018738131458572452
Epoch:10/10
 * Loss 2.147 | Train Acc 91.967
=> Saving class model to: outputs/cifar-100/10-task/proj_hint-int-8-newsim-rand1007/models/repeat-1/task-6/
=> Save Done
validation split name: 1
 * Val Acc 96.600, Total time 9.27
validation split name: 2
 * Val Acc 85.100, Total time 9.18
validation split name: 3
 * Val Acc 87.400, Total time 9.12
validation split name: 4
 * Val Acc 89.400, Total time 9.15
validation split name: 5
 * Val Acc 89.800, Total time 9.18
validation split name: 6
 * Val Acc 77.900, Total time 9.17
====================== 7 =======================
Incremental class: Old valid output dimension: 60
Incremental class: New Valid output dimension: 70
Optimizer is reset!
*****************************************
LR: 0.001
Epoch:1/10
 * Loss 3.271 | Train Acc 80.329
LR: 0.001
Epoch:2/10
 * Loss 2.515 | Train Acc 89.303
LR: 0.0009851093261547738
Epoch:3/10
 * Loss 2.453 | Train Acc 89.864
LR: 0.0009408807689542254
Epoch:4/10
 * Loss 2.393 | Train Acc 91.907
LR: 0.0008686315144381912
Epoch:5/10
 * Loss 2.371 | Train Acc 90.925
LR: 0.0007705132427757892
Epoch:6/10
 * Loss 2.392 | Train Acc 91.266
LR: 0.0006494480483301837
Epoch:7/10
 * Loss 2.338 | Train Acc 91.226
LR: 0.0005090414157503712
Epoch:8/10
 * Loss 2.317 | Train Acc 91.767
LR: 0.00035347484377925713
Epoch:9/10
 * Loss 2.354 | Train Acc 91.426
LR: 0.00018738131458572452
Epoch:10/10
 * Loss 2.453 | Train Acc 92.107
=> Saving class model to: outputs/cifar-100/10-task/proj_hint-int-8-newsim-rand1007/models/repeat-1/task-7/
=> Save Done
validation split name: 1
 * Val Acc 96.600, Total time 9.10
validation split name: 2
 * Val Acc 83.400, Total time 9.07
validation split name: 3
 * Val Acc 86.400, Total time 9.19
validation split name: 4
 * Val Acc 88.200, Total time 9.10
validation split name: 5
 * Val Acc 89.300, Total time 9.11
validation split name: 6
 * Val Acc 77.300, Total time 9.13
validation split name: 7
 * Val Acc 83.300, Total time 9.15
====================== 8 =======================
Incremental class: Old valid output dimension: 70
Incremental class: New Valid output dimension: 80
Optimizer is reset!
*****************************************
LR: 0.001
Epoch:1/10
 * Loss 3.355 | Train Acc 83.073
LR: 0.001
Epoch:2/10
 * Loss 2.721 | Train Acc 91.046
LR: 0.0009851093261547738
Epoch:3/10
 * Loss 2.620 | Train Acc 91.687
LR: 0.0009408807689542254
Epoch:4/10
 * Loss 2.623 | Train Acc 92.488
LR: 0.0008686315144381912
Epoch:5/10
 * Loss 2.616 | Train Acc 92.167
LR: 0.0007705132427757892
Epoch:6/10
 * Loss 2.577 | Train Acc 92.768
LR: 0.0006494480483301837
Epoch:7/10
 * Loss 2.601 | Train Acc 92.849
LR: 0.0005090414157503712
Epoch:8/10
 * Loss 2.534 | Train Acc 92.648
LR: 0.00035347484377925713
Epoch:9/10
 * Loss 2.565 | Train Acc 92.388
LR: 0.00018738131458572452
Epoch:10/10
 * Loss 2.599 | Train Acc 92.748
=> Saving class model to: outputs/cifar-100/10-task/proj_hint-int-8-newsim-rand1007/models/repeat-1/task-8/
=> Save Done
validation split name: 1
 * Val Acc 96.100, Total time 9.17
validation split name: 2
 * Val Acc 83.300, Total time 9.19
validation split name: 3
 * Val Acc 86.400, Total time 9.08
validation split name: 4
 * Val Acc 87.800, Total time 9.29
validation split name: 5
 * Val Acc 88.800, Total time 9.23
validation split name: 6
 * Val Acc 75.600, Total time 9.29
validation split name: 7
 * Val Acc 82.700, Total time 9.16
validation split name: 8
 * Val Acc 85.000, Total time 9.24
====================== 9 =======================
Incremental class: Old valid output dimension: 80
Incremental class: New Valid output dimension: 90
Optimizer is reset!
*****************************************
LR: 0.001
Epoch:1/10
 * Loss 3.470 | Train Acc 84.996
LR: 0.001
Epoch:2/10
 * Loss 2.802 | Train Acc 91.827
LR: 0.0009851093261547738
Epoch:3/10
 * Loss 2.741 | Train Acc 93.470
LR: 0.0009408807689542254
Epoch:4/10
 * Loss 2.701 | Train Acc 92.989
LR: 0.0008686315144381912
Epoch:5/10
 * Loss 2.677 | Train Acc 93.249
LR: 0.0007705132427757892
Epoch:6/10
 * Loss 2.658 | Train Acc 93.690
LR: 0.0006494480483301837
Epoch:7/10
 * Loss 2.569 | Train Acc 93.710
LR: 0.0005090414157503712
Epoch:8/10
 * Loss 2.595 | Train Acc 94.151
LR: 0.00035347484377925713
Epoch:9/10
 * Loss 2.655 | Train Acc 93.990
LR: 0.00018738131458572452
Epoch:10/10
 * Loss 2.664 | Train Acc 94.371
=> Saving class model to: outputs/cifar-100/10-task/proj_hint-int-8-newsim-rand1007/models/repeat-1/task-9/
=> Save Done
validation split name: 1
 * Val Acc 95.400, Total time 9.17
validation split name: 2
 * Val Acc 82.700, Total time 9.32
validation split name: 3
 * Val Acc 86.700, Total time 9.15
validation split name: 4
 * Val Acc 87.400, Total time 9.06
validation split name: 5
 * Val Acc 87.200, Total time 9.17
validation split name: 6
 * Val Acc 75.800, Total time 9.20
validation split name: 7
 * Val Acc 81.200, Total time 9.22
validation split name: 8
 * Val Acc 85.000, Total time 9.23
validation split name: 9
 * Val Acc 92.200, Total time 9.25
====================== 10 =======================
Incremental class: Old valid output dimension: 90
Incremental class: New Valid output dimension: 100
Optimizer is reset!
*****************************************
LR: 0.001
Epoch:1/10
 * Loss 3.660 | Train Acc 85.557
LR: 0.001
Epoch:2/10
 * Loss 2.949 | Train Acc 93.450
LR: 0.0009851093261547738
Epoch:3/10
 * Loss 2.979 | Train Acc 94.091
LR: 0.0009408807689542254
Epoch:4/10
 * Loss 2.817 | Train Acc 94.531
LR: 0.0008686315144381912
Epoch:5/10
 * Loss 2.809 | Train Acc 94.591
LR: 0.0007705132427757892
Epoch:6/10
 * Loss 2.778 | Train Acc 94.351
LR: 0.0006494480483301837
Epoch:7/10
 * Loss 2.835 | Train Acc 94.992
LR: 0.0005090414157503712
Epoch:8/10
 * Loss 2.841 | Train Acc 94.511
LR: 0.00035347484377925713
Epoch:9/10
 * Loss 2.866 | Train Acc 95.092
LR: 0.00018738131458572452
Epoch:10/10
 * Loss 2.881 | Train Acc 95.132
=> Saving class model to: outputs/cifar-100/10-task/proj_hint-int-8-newsim-rand1007/models/repeat-1/task-10/
=> Save Done
validation split name: 1
 * Val Acc 95.400, Total time 9.25
validation split name: 2
 * Val Acc 82.200, Total time 9.14
validation split name: 3
 * Val Acc 85.900, Total time 9.19
validation split name: 4
 * Val Acc 86.000, Total time 9.34
validation split name: 5
 * Val Acc 85.300, Total time 9.17
validation split name: 6
 * Val Acc 75.300, Total time 9.17
validation split name: 7
 * Val Acc 81.500, Total time 9.05
validation split name: 8
 * Val Acc 83.600, Total time 9.29
validation split name: 9
 * Val Acc 91.100, Total time 9.19
validation split name: 10
 * Val Acc 84.200, Total time 9.14
|-|-|-|-|-|-|-|-|-|-|-|-|-|-|-|-|-|-|-|-|-|-|-|-|-|-|-|-|-|-|-|-|-|-|-|-|-|-|-|-|-|-|-|-|-|-|-|-|-|-|-|-|-|-|-|-|-|-|-|-|-|-|-|-|-|-|-|-|-|-|-|-|-|-|-|-|-|-|-|-|-|-|-|-|-|-|-|-|-|-|-|-|-|-|-|-|-|-|-|-|
ortho penalty is on
Prompt strategy:  proj
*****************************************
Incremental class: Old valid output dimension: 0
Incremental class: New Valid output dimension: 10
=> Load Done
validation split name: 1
 * Val Acc 99.000, Total time 9.21
validation split name: 1
 * Val Acc 98.889, Total time 9.26
Incremental class: Old valid output dimension: 10
Incremental class: New Valid output dimension: 20
=> Load Done
validation split name: 1
 * Val Acc 98.900, Total time 9.07
validation split name: 2
 * Val Acc 92.400, Total time 9.16
validation split name: 1
 * Val Acc 99.111, Total time 9.11
validation split name: 2
 * Val Acc 98.556, Total time 9.04
Incremental class: Old valid output dimension: 20
Incremental class: New Valid output dimension: 30
=> Load Done
validation split name: 1
 * Val Acc 98.600, Total time 9.15
validation split name: 2
 * Val Acc 91.600, Total time 9.22
validation split name: 3
 * Val Acc 90.900, Total time 9.13
validation split name: 1
 * Val Acc 99.111, Total time 9.11
validation split name: 2
 * Val Acc 98.444, Total time 9.26
validation split name: 3
 * Val Acc 97.667, Total time 9.24
Incremental class: Old valid output dimension: 30
Incremental class: New Valid output dimension: 40
=> Load Done
validation split name: 1
 * Val Acc 98.300, Total time 9.16
validation split name: 2
 * Val Acc 88.200, Total time 9.17
validation split name: 3
 * Val Acc 90.800, Total time 9.28
validation split name: 4
 * Val Acc 90.900, Total time 9.05
validation split name: 1
 * Val Acc 99.111, Total time 9.28
validation split name: 2
 * Val Acc 98.556, Total time 9.22
validation split name: 3
 * Val Acc 97.778, Total time 9.25
validation split name: 4
 * Val Acc 98.444, Total time 9.25
Incremental class: Old valid output dimension: 40
Incremental class: New Valid output dimension: 50
=> Load Done
validation split name: 1
 * Val Acc 97.700, Total time 9.19
validation split name: 2
 * Val Acc 85.900, Total time 9.13
validation split name: 3
 * Val Acc 88.300, Total time 9.16
validation split name: 4
 * Val Acc 89.900, Total time 9.19
validation split name: 5
 * Val Acc 90.300, Total time 9.19
validation split name: 1
 * Val Acc 98.889, Total time 9.19
validation split name: 2
 * Val Acc 98.444, Total time 9.13
validation split name: 3
 * Val Acc 97.778, Total time 9.25
validation split name: 4
 * Val Acc 98.333, Total time 9.26
validation split name: 5
 * Val Acc 97.444, Total time 9.03
Incremental class: Old valid output dimension: 50
Incremental class: New Valid output dimension: 60
=> Load Done
validation split name: 1
 * Val Acc 96.600, Total time 9.11
validation split name: 2
 * Val Acc 85.100, Total time 9.17
validation split name: 3
 * Val Acc 87.400, Total time 9.18
validation split name: 4
 * Val Acc 89.400, Total time 9.26
validation split name: 5
 * Val Acc 89.800, Total time 9.25
validation split name: 6
 * Val Acc 77.900, Total time 9.20
validation split name: 1
 * Val Acc 98.889, Total time 9.04
validation split name: 2
 * Val Acc 98.444, Total time 9.16
validation split name: 3
 * Val Acc 97.889, Total time 9.29
validation split name: 4
 * Val Acc 98.111, Total time 9.05
validation split name: 5
 * Val Acc 97.444, Total time 9.20
validation split name: 6
 * Val Acc 98.444, Total time 9.23
Incremental class: Old valid output dimension: 60
Incremental class: New Valid output dimension: 70
=> Load Done
validation split name: 1
 * Val Acc 96.600, Total time 9.20
validation split name: 2
 * Val Acc 83.400, Total time 9.15
validation split name: 3
 * Val Acc 86.400, Total time 9.20
validation split name: 4
 * Val Acc 88.200, Total time 9.27
validation split name: 5
 * Val Acc 89.300, Total time 9.22
validation split name: 6
 * Val Acc 77.300, Total time 9.00
validation split name: 7
 * Val Acc 83.300, Total time 9.24
validation split name: 1
 * Val Acc 98.889, Total time 9.07
validation split name: 2
 * Val Acc 98.222, Total time 9.11
validation split name: 3
 * Val Acc 97.778, Total time 9.20
validation split name: 4
 * Val Acc 98.333, Total time 9.22
validation split name: 5
 * Val Acc 97.222, Total time 9.13
validation split name: 6
 * Val Acc 98.222, Total time 9.20
validation split name: 7
 * Val Acc 97.111, Total time 9.27
Incremental class: Old valid output dimension: 70
Incremental class: New Valid output dimension: 80
=> Load Done
validation split name: 1
 * Val Acc 96.100, Total time 9.20
validation split name: 2
 * Val Acc 83.300, Total time 9.24
validation split name: 3
 * Val Acc 86.400, Total time 9.19
validation split name: 4
 * Val Acc 87.800, Total time 9.24
validation split name: 5
 * Val Acc 88.800, Total time 9.26
validation split name: 6
 * Val Acc 75.600, Total time 9.25
validation split name: 7
 * Val Acc 82.700, Total time 9.19
validation split name: 8
 * Val Acc 85.000, Total time 9.22
validation split name: 1
 * Val Acc 99.000, Total time 9.09
validation split name: 2
 * Val Acc 98.222, Total time 9.23
validation split name: 3
 * Val Acc 97.556, Total time 9.30
validation split name: 4
 * Val Acc 98.222, Total time 9.04
validation split name: 5
 * Val Acc 97.222, Total time 9.10
validation split name: 6
 * Val Acc 98.222, Total time 9.10
validation split name: 7
 * Val Acc 97.000, Total time 9.19
validation split name: 8
 * Val Acc 97.667, Total time 9.04
Incremental class: Old valid output dimension: 80
Incremental class: New Valid output dimension: 90
=> Load Done
validation split name: 1
 * Val Acc 95.400, Total time 9.22
validation split name: 2
 * Val Acc 82.700, Total time 9.20
validation split name: 3
 * Val Acc 86.700, Total time 9.08
validation split name: 4
 * Val Acc 87.400, Total time 9.23
validation split name: 5
 * Val Acc 87.200, Total time 9.13
validation split name: 6
 * Val Acc 75.800, Total time 9.16
validation split name: 7
 * Val Acc 81.200, Total time 9.34
validation split name: 8
 * Val Acc 85.000, Total time 9.17
validation split name: 9
 * Val Acc 92.200, Total time 9.13
validation split name: 1
 * Val Acc 99.000, Total time 9.12
validation split name: 2
 * Val Acc 98.222, Total time 9.18
validation split name: 3
 * Val Acc 97.556, Total time 9.23
validation split name: 4
 * Val Acc 98.333, Total time 9.31
validation split name: 5
 * Val Acc 96.778, Total time 9.07
validation split name: 6
 * Val Acc 98.444, Total time 9.20
validation split name: 7
 * Val Acc 97.111, Total time 9.28
validation split name: 8
 * Val Acc 97.667, Total time 9.13
validation split name: 9
 * Val Acc 98.556, Total time 9.24
Incremental class: Old valid output dimension: 90
Incremental class: New Valid output dimension: 100
=> Load Done
validation split name: 1
 * Val Acc 95.400, Total time 9.32
validation split name: 2
 * Val Acc 82.200, Total time 9.34
validation split name: 3
 * Val Acc 85.900, Total time 9.24
validation split name: 4
 * Val Acc 86.000, Total time 9.28
validation split name: 5
 * Val Acc 85.300, Total time 9.06
validation split name: 6
 * Val Acc 75.300, Total time 9.17
validation split name: 7
 * Val Acc 81.500, Total time 9.26
validation split name: 8
 * Val Acc 83.600, Total time 9.23
validation split name: 9
 * Val Acc 91.100, Total time 9.17
validation split name: 10
 * Val Acc 84.200, Total time 9.22
validation split name: 1
 * Val Acc 99.000, Total time 9.15
validation split name: 2
 * Val Acc 98.222, Total time 9.17
validation split name: 3
 * Val Acc 97.889, Total time 9.22
validation split name: 4
 * Val Acc 98.222, Total time 9.21
validation split name: 5
 * Val Acc 96.889, Total time 9.16
validation split name: 6
 * Val Acc 98.333, Total time 9.19
validation split name: 7
 * Val Acc 97.111, Total time 9.16
validation split name: 8
 * Val Acc 97.778, Total time 9.20
validation split name: 9
 * Val Acc 98.444, Total time 9.17
validation split name: 10
 * Val Acc 98.778, Total time 9.25
===Summary of experiment repeats: 1 / 1 ===
acc  | mean: 85.05000000000001 std: 0.0
time  | mean: 1.39826824817902 std: 0.0
